{"/Users/kapilyadav/Desktop/XflyveProject/Xflyve/backend/controllers/jobController.js": {"path":"/Users/kapilyadav/Desktop/XflyveProject/Xflyve/backend/controllers/jobController.js","statementMap":{"0":{"start":{"line":1,"column":12},"end":{"line":1,"column":36}},"1":{"start":{"line":2,"column":15},"end":{"line":2,"column":42}},"2":{"start":{"line":3,"column":14},"end":{"line":3,"column":40}},"3":{"start":{"line":4,"column":15},"end":{"line":4,"column":41}},"4":{"start":{"line":6,"column":34},"end":{"line":9,"column":1}},"5":{"start":{"line":11,"column":26},"end":{"line":21,"column":1}},"6":{"start":{"line":12,"column":2},"end":{"line":12,"column":26}},"7":{"start":{"line":12,"column":14},"end":{"line":12,"column":26}},"8":{"start":{"line":13,"column":2},"end":{"line":15,"column":3}},"9":{"start":{"line":14,"column":4},"end":{"line":14,"column":46}},"10":{"start":{"line":17,"column":15},"end":{"line":17,"column":30}},"11":{"start":{"line":18,"column":2},"end":{"line":18,"column":48}},"12":{"start":{"line":18,"column":36},"end":{"line":18,"column":48}},"13":{"start":{"line":20,"column":2},"end":{"line":20,"column":70}},"14":{"start":{"line":23,"column":24},"end":{"line":34,"column":1}},"15":{"start":{"line":24,"column":2},"end":{"line":24,"column":26}},"16":{"start":{"line":24,"column":14},"end":{"line":24,"column":26}},"17":{"start":{"line":25,"column":2},"end":{"line":25,"column":83}},"18":{"start":{"line":25,"column":70},"end":{"line":25,"column":83}},"19":{"start":{"line":27,"column":15},"end":{"line":27,"column":30}},"20":{"start":{"line":28,"column":2},"end":{"line":28,"column":48}},"21":{"start":{"line":28,"column":36},"end":{"line":28,"column":48}},"22":{"start":{"line":30,"column":15},"end":{"line":30,"column":33}},"23":{"start":{"line":31,"column":16},"end":{"line":31,"column":60}},"24":{"start":{"line":32,"column":14},"end":{"line":32,"column":53}},"25":{"start":{"line":33,"column":2},"end":{"line":33,"column":35}},"26":{"start":{"line":36,"column":27},"end":{"line":40,"column":1}},"27":{"start":{"line":37,"column":23},"end":{"line":37,"column":45}},"28":{"start":{"line":38,"column":16},"end":{"line":38,"column":43}},"29":{"start":{"line":39,"column":2},"end":{"line":39,"column":64}},"30":{"start":{"line":42,"column":27},"end":{"line":43,"column":50}},"31":{"start":{"line":43,"column":2},"end":{"line":43,"column":50}},"32":{"start":{"line":45,"column":21},"end":{"line":51,"column":1}},"33":{"start":{"line":46,"column":16},"end":{"line":46,"column":40}},"34":{"start":{"line":47,"column":2},"end":{"line":47,"column":26}},"35":{"start":{"line":47,"column":14},"end":{"line":47,"column":26}},"36":{"start":{"line":48,"column":14},"end":{"line":48,"column":29}},"37":{"start":{"line":49,"column":2},"end":{"line":49,"column":39}},"38":{"start":{"line":50,"column":2},"end":{"line":50,"column":24}},"39":{"start":{"line":53,"column":29},"end":{"line":63,"column":1}},"40":{"start":{"line":54,"column":16},"end":{"line":54,"column":37}},"41":{"start":{"line":55,"column":2},"end":{"line":55,"column":46}},"42":{"start":{"line":55,"column":14},"end":{"line":55,"column":46}},"43":{"start":{"line":57,"column":2},"end":{"line":62,"column":12}},"44":{"start":{"line":65,"column":31},"end":{"line":72,"column":1}},"45":{"start":{"line":66,"column":2},"end":{"line":71,"column":12}},"46":{"start":{"line":74,"column":27},"end":{"line":75,"column":77}},"47":{"start":{"line":75,"column":2},"end":{"line":75,"column":77}},"48":{"start":{"line":77,"column":24},"end":{"line":81,"column":1}},"49":{"start":{"line":78,"column":2},"end":{"line":78,"column":28}},"50":{"start":{"line":79,"column":2},"end":{"line":79,"column":28}},"51":{"start":{"line":80,"column":2},"end":{"line":80,"column":21}},"52":{"start":{"line":83,"column":26},"end":{"line":88,"column":1}},"53":{"start":{"line":84,"column":2},"end":{"line":87,"column":4}},"54":{"start":{"line":93,"column":0},"end":{"line":174,"column":2}},"55":{"start":{"line":94,"column":2},"end":{"line":173,"column":3}},"56":{"start":{"line":109,"column":8},"end":{"line":109,"column":16}},"57":{"start":{"line":112,"column":19},"end":{"line":112,"column":59}},"58":{"start":{"line":113,"column":4},"end":{"line":115,"column":5}},"59":{"start":{"line":114,"column":6},"end":{"line":114,"column":83}},"60":{"start":{"line":117,"column":4},"end":{"line":119,"column":5}},"61":{"start":{"line":118,"column":6},"end":{"line":118,"column":93}},"62":{"start":{"line":121,"column":18},"end":{"line":121,"column":60}},"63":{"start":{"line":122,"column":4},"end":{"line":127,"column":5}},"64":{"start":{"line":123,"column":6},"end":{"line":126,"column":9}},"65":{"start":{"line":129,"column":4},"end":{"line":131,"column":5}},"66":{"start":{"line":130,"column":6},"end":{"line":130,"column":87}},"67":{"start":{"line":133,"column":30},"end":{"line":133,"column":56}},"68":{"start":{"line":134,"column":4},"end":{"line":136,"column":5}},"69":{"start":{"line":135,"column":6},"end":{"line":135,"column":83}},"70":{"start":{"line":138,"column":4},"end":{"line":140,"column":5}},"71":{"start":{"line":139,"column":6},"end":{"line":139,"column":98}},"72":{"start":{"line":143,"column":24},"end":{"line":143,"column":97}},"73":{"start":{"line":145,"column":4},"end":{"line":150,"column":5}},"74":{"start":{"line":146,"column":6},"end":{"line":149,"column":9}},"75":{"start":{"line":152,"column":19},"end":{"line":167,"column":6}},"76":{"start":{"line":169,"column":4},"end":{"line":169,"column":62}},"77":{"start":{"line":171,"column":4},"end":{"line":171,"column":46}},"78":{"start":{"line":172,"column":4},"end":{"line":172,"column":71}},"79":{"start":{"line":180,"column":0},"end":{"line":191,"column":2}},"80":{"start":{"line":181,"column":2},"end":{"line":190,"column":3}},"81":{"start":{"line":182,"column":17},"end":{"line":185,"column":13}},"82":{"start":{"line":186,"column":4},"end":{"line":186,"column":82}},"83":{"start":{"line":188,"column":4},"end":{"line":188,"column":44}},"84":{"start":{"line":189,"column":4},"end":{"line":189,"column":71}},"85":{"start":{"line":193,"column":0},"end":{"line":212,"column":2}},"86":{"start":{"line":194,"column":2},"end":{"line":211,"column":3}},"87":{"start":{"line":195,"column":17},"end":{"line":195,"column":50}},"88":{"start":{"line":196,"column":26},"end":{"line":201,"column":6}},"89":{"start":{"line":203,"column":4},"end":{"line":207,"column":7}},"90":{"start":{"line":209,"column":4},"end":{"line":209,"column":64}},"91":{"start":{"line":210,"column":4},"end":{"line":210,"column":71}},"92":{"start":{"line":217,"column":0},"end":{"line":237,"column":2}},"93":{"start":{"line":218,"column":2},"end":{"line":236,"column":3}},"94":{"start":{"line":219,"column":16},"end":{"line":222,"column":13}},"95":{"start":{"line":224,"column":4},"end":{"line":226,"column":5}},"96":{"start":{"line":225,"column":6},"end":{"line":225,"column":80}},"97":{"start":{"line":228,"column":4},"end":{"line":230,"column":5}},"98":{"start":{"line":229,"column":6},"end":{"line":229,"column":80}},"99":{"start":{"line":232,"column":4},"end":{"line":232,"column":59}},"100":{"start":{"line":234,"column":4},"end":{"line":234,"column":49}},"101":{"start":{"line":235,"column":4},"end":{"line":235,"column":71}},"102":{"start":{"line":242,"column":0},"end":{"line":278,"column":2}},"103":{"start":{"line":243,"column":2},"end":{"line":277,"column":3}},"104":{"start":{"line":244,"column":16},"end":{"line":244,"column":52}},"105":{"start":{"line":246,"column":4},"end":{"line":248,"column":5}},"106":{"start":{"line":247,"column":6},"end":{"line":247,"column":80}},"107":{"start":{"line":250,"column":4},"end":{"line":252,"column":5}},"108":{"start":{"line":251,"column":6},"end":{"line":251,"column":79}},"109":{"start":{"line":254,"column":4},"end":{"line":259,"column":5}},"110":{"start":{"line":255,"column":6},"end":{"line":258,"column":9}},"111":{"start":{"line":261,"column":4},"end":{"line":261,"column":29}},"112":{"start":{"line":262,"column":4},"end":{"line":262,"column":21}},"113":{"start":{"line":263,"column":4},"end":{"line":263,"column":47}},"114":{"start":{"line":265,"column":23},"end":{"line":267,"column":13}},"115":{"start":{"line":269,"column":4},"end":{"line":273,"column":7}},"116":{"start":{"line":275,"column":4},"end":{"line":275,"column":53}},"117":{"start":{"line":276,"column":4},"end":{"line":276,"column":71}},"118":{"start":{"line":283,"column":0},"end":{"line":294,"column":2}},"119":{"start":{"line":284,"column":2},"end":{"line":293,"column":3}},"120":{"start":{"line":285,"column":17},"end":{"line":287,"column":13}},"121":{"start":{"line":289,"column":4},"end":{"line":289,"column":82}},"122":{"start":{"line":291,"column":4},"end":{"line":291,"column":51}},"123":{"start":{"line":292,"column":4},"end":{"line":292,"column":71}},"124":{"start":{"line":299,"column":0},"end":{"line":311,"column":2}},"125":{"start":{"line":300,"column":2},"end":{"line":310,"column":3}},"126":{"start":{"line":301,"column":21},"end":{"line":301,"column":40}},"127":{"start":{"line":302,"column":17},"end":{"line":304,"column":13}},"128":{"start":{"line":306,"column":4},"end":{"line":306,"column":82}},"129":{"start":{"line":308,"column":4},"end":{"line":308,"column":53}},"130":{"start":{"line":309,"column":4},"end":{"line":309,"column":71}},"131":{"start":{"line":314,"column":0},"end":{"line":472,"column":2}},"132":{"start":{"line":315,"column":2},"end":{"line":471,"column":3}},"133":{"start":{"line":316,"column":18},"end":{"line":316,"column":34}},"134":{"start":{"line":317,"column":17},"end":{"line":317,"column":25}},"135":{"start":{"line":333,"column":8},"end":{"line":333,"column":16}},"136":{"start":{"line":335,"column":16},"end":{"line":335,"column":41}},"137":{"start":{"line":336,"column":4},"end":{"line":338,"column":5}},"138":{"start":{"line":337,"column":6},"end":{"line":337,"column":80}},"139":{"start":{"line":340,"column":4},"end":{"line":396,"column":5}},"140":{"start":{"line":342,"column":6},"end":{"line":344,"column":7}},"141":{"start":{"line":343,"column":8},"end":{"line":343,"column":81}},"142":{"start":{"line":346,"column":33},"end":{"line":346,"column":70}},"143":{"start":{"line":347,"column":6},"end":{"line":354,"column":7}},"144":{"start":{"line":348,"column":8},"end":{"line":353,"column":11}},"145":{"start":{"line":356,"column":6},"end":{"line":385,"column":7}},"146":{"start":{"line":357,"column":22},"end":{"line":357,"column":61}},"147":{"start":{"line":358,"column":8},"end":{"line":363,"column":9}},"148":{"start":{"line":359,"column":10},"end":{"line":362,"column":13}},"149":{"start":{"line":365,"column":31},"end":{"line":368,"column":10}},"150":{"start":{"line":369,"column":8},"end":{"line":374,"column":9}},"151":{"start":{"line":370,"column":10},"end":{"line":373,"column":13}},"152":{"start":{"line":376,"column":8},"end":{"line":376,"column":28}},"153":{"start":{"line":377,"column":8},"end":{"line":377,"column":25}},"154":{"start":{"line":378,"column":8},"end":{"line":378,"column":46}},"155":{"start":{"line":380,"column":27},"end":{"line":382,"column":17}},"156":{"start":{"line":384,"column":8},"end":{"line":384,"column":77}},"157":{"start":{"line":387,"column":6},"end":{"line":387,"column":26}},"158":{"start":{"line":388,"column":6},"end":{"line":388,"column":23}},"159":{"start":{"line":389,"column":6},"end":{"line":389,"column":49}},"160":{"start":{"line":391,"column":25},"end":{"line":393,"column":15}},"161":{"start":{"line":395,"column":6},"end":{"line":395,"column":75}},"162":{"start":{"line":399,"column":4},"end":{"line":404,"column":5}},"163":{"start":{"line":400,"column":21},"end":{"line":400,"column":61}},"164":{"start":{"line":401,"column":6},"end":{"line":403,"column":7}},"165":{"start":{"line":402,"column":8},"end":{"line":402,"column":85}},"166":{"start":{"line":406,"column":30},"end":{"line":406,"column":93}},"167":{"start":{"line":407,"column":24},"end":{"line":407,"column":88}},"168":{"start":{"line":409,"column":4},"end":{"line":411,"column":5}},"169":{"start":{"line":410,"column":6},"end":{"line":410,"column":83}},"170":{"start":{"line":413,"column":4},"end":{"line":419,"column":5}},"171":{"start":{"line":418,"column":6},"end":{"line":418,"column":98}},"172":{"start":{"line":421,"column":4},"end":{"line":429,"column":5}},"173":{"start":{"line":422,"column":20},"end":{"line":422,"column":66}},"174":{"start":{"line":423,"column":6},"end":{"line":428,"column":7}},"175":{"start":{"line":424,"column":8},"end":{"line":427,"column":11}},"176":{"start":{"line":431,"column":4},"end":{"line":444,"column":5}},"177":{"start":{"line":432,"column":26},"end":{"line":436,"column":8}},"178":{"start":{"line":438,"column":6},"end":{"line":443,"column":7}},"179":{"start":{"line":439,"column":8},"end":{"line":442,"column":11}},"180":{"start":{"line":446,"column":4},"end":{"line":446,"column":56}},"181":{"start":{"line":447,"column":4},"end":{"line":447,"column":80}},"182":{"start":{"line":448,"column":4},"end":{"line":448,"column":92}},"183":{"start":{"line":449,"column":4},"end":{"line":449,"column":100}},"184":{"start":{"line":450,"column":4},"end":{"line":450,"column":84}},"185":{"start":{"line":451,"column":4},"end":{"line":451,"column":104}},"186":{"start":{"line":452,"column":4},"end":{"line":452,"column":64}},"187":{"start":{"line":453,"column":4},"end":{"line":453,"column":88}},"188":{"start":{"line":454,"column":4},"end":{"line":454,"column":84}},"189":{"start":{"line":455,"column":4},"end":{"line":455,"column":76}},"190":{"start":{"line":456,"column":4},"end":{"line":456,"column":42}},"191":{"start":{"line":457,"column":4},"end":{"line":457,"column":30}},"192":{"start":{"line":458,"column":4},"end":{"line":458,"column":64}},"193":{"start":{"line":459,"column":4},"end":{"line":459,"column":60}},"194":{"start":{"line":461,"column":4},"end":{"line":461,"column":21}},"195":{"start":{"line":463,"column":23},"end":{"line":465,"column":47}},"196":{"start":{"line":467,"column":4},"end":{"line":467,"column":66}},"197":{"start":{"line":469,"column":4},"end":{"line":469,"column":46}},"198":{"start":{"line":470,"column":4},"end":{"line":470,"column":71}},"199":{"start":{"line":475,"column":0},"end":{"line":500,"column":2}},"200":{"start":{"line":476,"column":2},"end":{"line":499,"column":3}},"201":{"start":{"line":477,"column":18},"end":{"line":477,"column":34}},"202":{"start":{"line":479,"column":16},"end":{"line":479,"column":41}},"203":{"start":{"line":481,"column":4},"end":{"line":483,"column":5}},"204":{"start":{"line":482,"column":6},"end":{"line":482,"column":80}},"205":{"start":{"line":485,"column":4},"end":{"line":490,"column":5}},"206":{"start":{"line":486,"column":6},"end":{"line":489,"column":9}},"207":{"start":{"line":492,"column":4},"end":{"line":492,"column":34}},"208":{"start":{"line":493,"column":4},"end":{"line":493,"column":21}},"209":{"start":{"line":495,"column":4},"end":{"line":495,"column":84}},"210":{"start":{"line":497,"column":4},"end":{"line":497,"column":46}},"211":{"start":{"line":498,"column":4},"end":{"line":498,"column":71}}},"fnMap":{"0":{"name":"(anonymous_0)","decl":{"start":{"line":11,"column":26},"end":{"line":11,"column":27}},"loc":{"start":{"line":11,"column":37},"end":{"line":21,"column":1}},"line":11},"1":{"name":"(anonymous_1)","decl":{"start":{"line":23,"column":24},"end":{"line":23,"column":25}},"loc":{"start":{"line":23,"column":35},"end":{"line":34,"column":1}},"line":23},"2":{"name":"(anonymous_2)","decl":{"start":{"line":36,"column":27},"end":{"line":36,"column":28}},"loc":{"start":{"line":36,"column":38},"end":{"line":40,"column":1}},"line":36},"3":{"name":"(anonymous_3)","decl":{"start":{"line":42,"column":27},"end":{"line":42,"column":28}},"loc":{"start":{"line":43,"column":2},"end":{"line":43,"column":50}},"line":43},"4":{"name":"(anonymous_4)","decl":{"start":{"line":45,"column":21},"end":{"line":45,"column":22}},"loc":{"start":{"line":45,"column":32},"end":{"line":51,"column":1}},"line":45},"5":{"name":"(anonymous_5)","decl":{"start":{"line":53,"column":29},"end":{"line":53,"column":30}},"loc":{"start":{"line":53,"column":81},"end":{"line":63,"column":1}},"line":53},"6":{"name":"(anonymous_6)","decl":{"start":{"line":65,"column":31},"end":{"line":65,"column":32}},"loc":{"start":{"line":65,"column":74},"end":{"line":72,"column":1}},"line":65},"7":{"name":"(anonymous_7)","decl":{"start":{"line":74,"column":27},"end":{"line":74,"column":28}},"loc":{"start":{"line":75,"column":2},"end":{"line":75,"column":77}},"line":75},"8":{"name":"(anonymous_8)","decl":{"start":{"line":77,"column":24},"end":{"line":77,"column":25}},"loc":{"start":{"line":77,"column":48},"end":{"line":81,"column":1}},"line":77},"9":{"name":"(anonymous_9)","decl":{"start":{"line":83,"column":26},"end":{"line":83,"column":27}},"loc":{"start":{"line":83,"column":45},"end":{"line":88,"column":1}},"line":83},"10":{"name":"(anonymous_10)","decl":{"start":{"line":93,"column":20},"end":{"line":93,"column":21}},"loc":{"start":{"line":93,"column":40},"end":{"line":174,"column":1}},"line":93},"11":{"name":"(anonymous_11)","decl":{"start":{"line":180,"column":21},"end":{"line":180,"column":22}},"loc":{"start":{"line":180,"column":41},"end":{"line":191,"column":1}},"line":180},"12":{"name":"(anonymous_12)","decl":{"start":{"line":193,"column":35},"end":{"line":193,"column":36}},"loc":{"start":{"line":193,"column":55},"end":{"line":212,"column":1}},"line":193},"13":{"name":"(anonymous_13)","decl":{"start":{"line":217,"column":21},"end":{"line":217,"column":22}},"loc":{"start":{"line":217,"column":41},"end":{"line":237,"column":1}},"line":217},"14":{"name":"(anonymous_14)","decl":{"start":{"line":242,"column":26},"end":{"line":242,"column":27}},"loc":{"start":{"line":242,"column":46},"end":{"line":278,"column":1}},"line":242},"15":{"name":"(anonymous_15)","decl":{"start":{"line":283,"column":20},"end":{"line":283,"column":21}},"loc":{"start":{"line":283,"column":40},"end":{"line":294,"column":1}},"line":283},"16":{"name":"(anonymous_16)","decl":{"start":{"line":299,"column":26},"end":{"line":299,"column":27}},"loc":{"start":{"line":299,"column":46},"end":{"line":311,"column":1}},"line":299},"17":{"name":"(anonymous_17)","decl":{"start":{"line":314,"column":20},"end":{"line":314,"column":21}},"loc":{"start":{"line":314,"column":40},"end":{"line":472,"column":1}},"line":314},"18":{"name":"(anonymous_18)","decl":{"start":{"line":475,"column":20},"end":{"line":475,"column":21}},"loc":{"start":{"line":475,"column":40},"end":{"line":500,"column":1}},"line":475}},"branchMap":{"0":{"loc":{"start":{"line":12,"column":2},"end":{"line":12,"column":26}},"type":"if","locations":[{"start":{"line":12,"column":2},"end":{"line":12,"column":26}},{"start":{},"end":{}}],"line":12},"1":{"loc":{"start":{"line":13,"column":2},"end":{"line":15,"column":3}},"type":"if","locations":[{"start":{"line":13,"column":2},"end":{"line":15,"column":3}},{"start":{},"end":{}}],"line":13},"2":{"loc":{"start":{"line":13,"column":6},"end":{"line":13,"column":68}},"type":"binary-expr","locations":[{"start":{"line":13,"column":6},"end":{"line":13,"column":31}},{"start":{"line":13,"column":35},"end":{"line":13,"column":68}}],"line":13},"3":{"loc":{"start":{"line":18,"column":2},"end":{"line":18,"column":48}},"type":"if","locations":[{"start":{"line":18,"column":2},"end":{"line":18,"column":48}},{"start":{},"end":{}}],"line":18},"4":{"loc":{"start":{"line":24,"column":2},"end":{"line":24,"column":26}},"type":"if","locations":[{"start":{"line":24,"column":2},"end":{"line":24,"column":26}},{"start":{},"end":{}}],"line":24},"5":{"loc":{"start":{"line":25,"column":2},"end":{"line":25,"column":83}},"type":"if","locations":[{"start":{"line":25,"column":2},"end":{"line":25,"column":83}},{"start":{},"end":{}}],"line":25},"6":{"loc":{"start":{"line":25,"column":6},"end":{"line":25,"column":68}},"type":"binary-expr","locations":[{"start":{"line":25,"column":6},"end":{"line":25,"column":31}},{"start":{"line":25,"column":35},"end":{"line":25,"column":68}}],"line":25},"7":{"loc":{"start":{"line":28,"column":2},"end":{"line":28,"column":48}},"type":"if","locations":[{"start":{"line":28,"column":2},"end":{"line":28,"column":48}},{"start":{},"end":{}}],"line":28},"8":{"loc":{"start":{"line":39,"column":17},"end":{"line":39,"column":62}},"type":"binary-expr","locations":[{"start":{"line":39,"column":17},"end":{"line":39,"column":29}},{"start":{"line":39,"column":33},"end":{"line":39,"column":38}},{"start":{"line":39,"column":42},"end":{"line":39,"column":62}}],"line":39},"9":{"loc":{"start":{"line":47,"column":2},"end":{"line":47,"column":26}},"type":"if","locations":[{"start":{"line":47,"column":2},"end":{"line":47,"column":26}},{"start":{},"end":{}}],"line":47},"10":{"loc":{"start":{"line":55,"column":2},"end":{"line":55,"column":46}},"type":"if","locations":[{"start":{"line":55,"column":2},"end":{"line":55,"column":46}},{"start":{},"end":{}}],"line":55},"11":{"loc":{"start":{"line":60,"column":8},"end":{"line":60,"column":58}},"type":"cond-expr","locations":[{"start":{"line":60,"column":23},"end":{"line":60,"column":53}},{"start":{"line":60,"column":56},"end":{"line":60,"column":58}}],"line":60},"12":{"loc":{"start":{"line":70,"column":8},"end":{"line":70,"column":58}},"type":"cond-expr","locations":[{"start":{"line":70,"column":23},"end":{"line":70,"column":53}},{"start":{"line":70,"column":56},"end":{"line":70,"column":58}}],"line":70},"13":{"loc":{"start":{"line":75,"column":2},"end":{"line":75,"column":77}},"type":"binary-expr","locations":[{"start":{"line":75,"column":2},"end":{"line":75,"column":8}},{"start":{"line":75,"column":12},"end":{"line":75,"column":45}},{"start":{"line":75,"column":49},"end":{"line":75,"column":77}}],"line":75},"14":{"loc":{"start":{"line":113,"column":4},"end":{"line":115,"column":5}},"type":"if","locations":[{"start":{"line":113,"column":4},"end":{"line":115,"column":5}},{"start":{},"end":{}}],"line":113},"15":{"loc":{"start":{"line":117,"column":4},"end":{"line":119,"column":5}},"type":"if","locations":[{"start":{"line":117,"column":4},"end":{"line":119,"column":5}},{"start":{},"end":{}}],"line":117},"16":{"loc":{"start":{"line":122,"column":4},"end":{"line":127,"column":5}},"type":"if","locations":[{"start":{"line":122,"column":4},"end":{"line":127,"column":5}},{"start":{},"end":{}}],"line":122},"17":{"loc":{"start":{"line":129,"column":4},"end":{"line":131,"column":5}},"type":"if","locations":[{"start":{"line":129,"column":4},"end":{"line":131,"column":5}},{"start":{},"end":{}}],"line":129},"18":{"loc":{"start":{"line":134,"column":4},"end":{"line":136,"column":5}},"type":"if","locations":[{"start":{"line":134,"column":4},"end":{"line":136,"column":5}},{"start":{},"end":{}}],"line":134},"19":{"loc":{"start":{"line":138,"column":4},"end":{"line":140,"column":5}},"type":"if","locations":[{"start":{"line":138,"column":4},"end":{"line":140,"column":5}},{"start":{},"end":{}}],"line":138},"20":{"loc":{"start":{"line":145,"column":4},"end":{"line":150,"column":5}},"type":"if","locations":[{"start":{"line":145,"column":4},"end":{"line":150,"column":5}},{"start":{},"end":{}}],"line":145},"21":{"loc":{"start":{"line":224,"column":4},"end":{"line":226,"column":5}},"type":"if","locations":[{"start":{"line":224,"column":4},"end":{"line":226,"column":5}},{"start":{},"end":{}}],"line":224},"22":{"loc":{"start":{"line":228,"column":4},"end":{"line":230,"column":5}},"type":"if","locations":[{"start":{"line":228,"column":4},"end":{"line":230,"column":5}},{"start":{},"end":{}}],"line":228},"23":{"loc":{"start":{"line":228,"column":8},"end":{"line":228,"column":83}},"type":"binary-expr","locations":[{"start":{"line":228,"column":8},"end":{"line":228,"column":34}},{"start":{"line":228,"column":38},"end":{"line":228,"column":83}}],"line":228},"24":{"loc":{"start":{"line":246,"column":4},"end":{"line":248,"column":5}},"type":"if","locations":[{"start":{"line":246,"column":4},"end":{"line":248,"column":5}},{"start":{},"end":{}}],"line":246},"25":{"loc":{"start":{"line":250,"column":4},"end":{"line":252,"column":5}},"type":"if","locations":[{"start":{"line":250,"column":4},"end":{"line":252,"column":5}},{"start":{},"end":{}}],"line":250},"26":{"loc":{"start":{"line":250,"column":8},"end":{"line":250,"column":79}},"type":"binary-expr","locations":[{"start":{"line":250,"column":8},"end":{"line":250,"column":34}},{"start":{"line":250,"column":38},"end":{"line":250,"column":79}}],"line":250},"27":{"loc":{"start":{"line":254,"column":4},"end":{"line":259,"column":5}},"type":"if","locations":[{"start":{"line":254,"column":4},"end":{"line":259,"column":5}},{"start":{},"end":{}}],"line":254},"28":{"loc":{"start":{"line":336,"column":4},"end":{"line":338,"column":5}},"type":"if","locations":[{"start":{"line":336,"column":4},"end":{"line":338,"column":5}},{"start":{},"end":{}}],"line":336},"29":{"loc":{"start":{"line":340,"column":4},"end":{"line":396,"column":5}},"type":"if","locations":[{"start":{"line":340,"column":4},"end":{"line":396,"column":5}},{"start":{},"end":{}}],"line":340},"30":{"loc":{"start":{"line":342,"column":6},"end":{"line":344,"column":7}},"type":"if","locations":[{"start":{"line":342,"column":6},"end":{"line":344,"column":7}},{"start":{},"end":{}}],"line":342},"31":{"loc":{"start":{"line":347,"column":6},"end":{"line":354,"column":7}},"type":"if","locations":[{"start":{"line":347,"column":6},"end":{"line":354,"column":7}},{"start":{},"end":{}}],"line":347},"32":{"loc":{"start":{"line":347,"column":10},"end":{"line":347,"column":50}},"type":"binary-expr","locations":[{"start":{"line":347,"column":10},"end":{"line":347,"column":17}},{"start":{"line":347,"column":21},"end":{"line":347,"column":50}}],"line":347},"33":{"loc":{"start":{"line":350,"column":19},"end":{"line":352,"column":59}},"type":"cond-expr","locations":[{"start":{"line":351,"column":14},"end":{"line":351,"column":73}},{"start":{"line":352,"column":14},"end":{"line":352,"column":59}}],"line":350},"34":{"loc":{"start":{"line":356,"column":6},"end":{"line":385,"column":7}},"type":"if","locations":[{"start":{"line":356,"column":6},"end":{"line":385,"column":7}},{"start":{},"end":{}}],"line":356},"35":{"loc":{"start":{"line":358,"column":8},"end":{"line":363,"column":9}},"type":"if","locations":[{"start":{"line":358,"column":8},"end":{"line":363,"column":9}},{"start":{},"end":{}}],"line":358},"36":{"loc":{"start":{"line":369,"column":8},"end":{"line":374,"column":9}},"type":"if","locations":[{"start":{"line":369,"column":8},"end":{"line":374,"column":9}},{"start":{},"end":{}}],"line":369},"37":{"loc":{"start":{"line":399,"column":4},"end":{"line":404,"column":5}},"type":"if","locations":[{"start":{"line":399,"column":4},"end":{"line":404,"column":5}},{"start":{},"end":{}}],"line":399},"38":{"loc":{"start":{"line":401,"column":6},"end":{"line":403,"column":7}},"type":"if","locations":[{"start":{"line":401,"column":6},"end":{"line":403,"column":7}},{"start":{},"end":{}}],"line":401},"39":{"loc":{"start":{"line":406,"column":30},"end":{"line":406,"column":93}},"type":"cond-expr","locations":[{"start":{"line":406,"column":60},"end":{"line":406,"column":73}},{"start":{"line":406,"column":76},"end":{"line":406,"column":93}}],"line":406},"40":{"loc":{"start":{"line":407,"column":24},"end":{"line":407,"column":88}},"type":"cond-expr","locations":[{"start":{"line":407,"column":48},"end":{"line":407,"column":74}},{"start":{"line":407,"column":77},"end":{"line":407,"column":88}}],"line":407},"41":{"loc":{"start":{"line":409,"column":4},"end":{"line":411,"column":5}},"type":"if","locations":[{"start":{"line":409,"column":4},"end":{"line":411,"column":5}},{"start":{},"end":{}}],"line":409},"42":{"loc":{"start":{"line":409,"column":8},"end":{"line":409,"column":45}},"type":"binary-expr","locations":[{"start":{"line":409,"column":8},"end":{"line":409,"column":29}},{"start":{"line":409,"column":33},"end":{"line":409,"column":45}}],"line":409},"43":{"loc":{"start":{"line":413,"column":4},"end":{"line":419,"column":5}},"type":"if","locations":[{"start":{"line":413,"column":4},"end":{"line":419,"column":5}},{"start":{},"end":{}}],"line":413},"44":{"loc":{"start":{"line":414,"column":6},"end":{"line":416,"column":51}},"type":"binary-expr","locations":[{"start":{"line":414,"column":6},"end":{"line":414,"column":27}},{"start":{"line":415,"column":6},"end":{"line":415,"column":33}},{"start":{"line":416,"column":6},"end":{"line":416,"column":51}}],"line":414},"45":{"loc":{"start":{"line":421,"column":4},"end":{"line":429,"column":5}},"type":"if","locations":[{"start":{"line":421,"column":4},"end":{"line":429,"column":5}},{"start":{},"end":{}}],"line":421},"46":{"loc":{"start":{"line":423,"column":6},"end":{"line":428,"column":7}},"type":"if","locations":[{"start":{"line":423,"column":6},"end":{"line":428,"column":7}},{"start":{},"end":{}}],"line":423},"47":{"loc":{"start":{"line":431,"column":4},"end":{"line":444,"column":5}},"type":"if","locations":[{"start":{"line":431,"column":4},"end":{"line":444,"column":5}},{"start":{},"end":{}}],"line":431},"48":{"loc":{"start":{"line":431,"column":8},"end":{"line":431,"column":60}},"type":"binary-expr","locations":[{"start":{"line":431,"column":8},"end":{"line":431,"column":35}},{"start":{"line":431,"column":39},"end":{"line":431,"column":60}}],"line":431},"49":{"loc":{"start":{"line":438,"column":6},"end":{"line":443,"column":7}},"type":"if","locations":[{"start":{"line":438,"column":6},"end":{"line":443,"column":7}},{"start":{},"end":{}}],"line":438},"50":{"loc":{"start":{"line":446,"column":16},"end":{"line":446,"column":55}},"type":"cond-expr","locations":[{"start":{"line":446,"column":38},"end":{"line":446,"column":43}},{"start":{"line":446,"column":46},"end":{"line":446,"column":55}}],"line":446},"51":{"loc":{"start":{"line":447,"column":22},"end":{"line":447,"column":79}},"type":"cond-expr","locations":[{"start":{"line":447,"column":50},"end":{"line":447,"column":61}},{"start":{"line":447,"column":64},"end":{"line":447,"column":79}}],"line":447},"52":{"loc":{"start":{"line":448,"column":25},"end":{"line":448,"column":91}},"type":"cond-expr","locations":[{"start":{"line":448,"column":56},"end":{"line":448,"column":70}},{"start":{"line":448,"column":73},"end":{"line":448,"column":91}}],"line":448},"53":{"loc":{"start":{"line":449,"column":27},"end":{"line":449,"column":99}},"type":"cond-expr","locations":[{"start":{"line":449,"column":60},"end":{"line":449,"column":76}},{"start":{"line":449,"column":79},"end":{"line":449,"column":99}}],"line":449},"54":{"loc":{"start":{"line":450,"column":23},"end":{"line":450,"column":83}},"type":"cond-expr","locations":[{"start":{"line":450,"column":52},"end":{"line":450,"column":64}},{"start":{"line":450,"column":67},"end":{"line":450,"column":83}}],"line":450},"55":{"loc":{"start":{"line":451,"column":28},"end":{"line":451,"column":103}},"type":"cond-expr","locations":[{"start":{"line":451,"column":62},"end":{"line":451,"column":79}},{"start":{"line":451,"column":82},"end":{"line":451,"column":103}}],"line":451},"56":{"loc":{"start":{"line":452,"column":18},"end":{"line":452,"column":63}},"type":"cond-expr","locations":[{"start":{"line":452,"column":42},"end":{"line":452,"column":49}},{"start":{"line":452,"column":52},"end":{"line":452,"column":63}}],"line":452},"57":{"loc":{"start":{"line":453,"column":24},"end":{"line":453,"column":87}},"type":"cond-expr","locations":[{"start":{"line":453,"column":54},"end":{"line":453,"column":67}},{"start":{"line":453,"column":70},"end":{"line":453,"column":87}}],"line":453},"58":{"loc":{"start":{"line":454,"column":23},"end":{"line":454,"column":83}},"type":"cond-expr","locations":[{"start":{"line":454,"column":52},"end":{"line":454,"column":64}},{"start":{"line":454,"column":67},"end":{"line":454,"column":83}}],"line":454},"59":{"loc":{"start":{"line":455,"column":21},"end":{"line":455,"column":75}},"type":"cond-expr","locations":[{"start":{"line":455,"column":48},"end":{"line":455,"column":58}},{"start":{"line":455,"column":61},"end":{"line":455,"column":75}}],"line":455},"60":{"loc":{"start":{"line":458,"column":18},"end":{"line":458,"column":63}},"type":"cond-expr","locations":[{"start":{"line":458,"column":42},"end":{"line":458,"column":49}},{"start":{"line":458,"column":52},"end":{"line":458,"column":63}}],"line":458},"61":{"loc":{"start":{"line":459,"column":17},"end":{"line":459,"column":59}},"type":"cond-expr","locations":[{"start":{"line":459,"column":40},"end":{"line":459,"column":46}},{"start":{"line":459,"column":49},"end":{"line":459,"column":59}}],"line":459},"62":{"loc":{"start":{"line":481,"column":4},"end":{"line":483,"column":5}},"type":"if","locations":[{"start":{"line":481,"column":4},"end":{"line":483,"column":5}},{"start":{},"end":{}}],"line":481},"63":{"loc":{"start":{"line":485,"column":4},"end":{"line":490,"column":5}},"type":"if","locations":[{"start":{"line":485,"column":4},"end":{"line":490,"column":5}},{"start":{},"end":{}}],"line":485}},"s":{"0":16,"1":16,"2":16,"3":16,"4":16,"5":16,"6":5,"7":0,"8":5,"9":3,"10":2,"11":2,"12":0,"13":2,"14":16,"15":6,"16":0,"17":6,"18":3,"19":3,"20":3,"21":0,"22":3,"23":3,"24":3,"25":3,"26":16,"27":3,"28":3,"29":3,"30":16,"31":0,"32":16,"33":2,"34":2,"35":0,"36":2,"37":2,"38":2,"39":16,"40":2,"41":2,"42":0,"43":2,"44":16,"45":2,"46":16,"47":7,"48":16,"49":1,"50":1,"51":1,"52":16,"53":2,"54":16,"55":4,"56":4,"57":4,"58":4,"59":0,"60":4,"61":0,"62":4,"63":4,"64":1,"65":3,"66":0,"67":3,"68":3,"69":0,"70":3,"71":1,"72":2,"73":2,"74":0,"75":2,"76":2,"77":0,"78":0,"79":16,"80":0,"81":0,"82":0,"83":0,"84":0,"85":16,"86":0,"87":0,"88":0,"89":0,"90":0,"91":0,"92":16,"93":0,"94":0,"95":0,"96":0,"97":0,"98":0,"99":0,"100":0,"101":0,"102":16,"103":2,"104":2,"105":2,"106":0,"107":2,"108":1,"109":1,"110":1,"111":0,"112":0,"113":0,"114":0,"115":0,"116":0,"117":0,"118":16,"119":0,"120":0,"121":0,"122":0,"123":0,"124":16,"125":0,"126":0,"127":0,"128":0,"129":0,"130":0,"131":16,"132":10,"133":10,"134":10,"135":10,"136":10,"137":10,"138":0,"139":10,"140":10,"141":1,"142":9,"143":9,"144":4,"145":5,"146":3,"147":3,"148":1,"149":2,"150":2,"151":1,"152":1,"153":1,"154":1,"155":1,"156":1,"157":2,"158":2,"159":2,"160":2,"161":2,"162":0,"163":0,"164":0,"165":0,"166":0,"167":0,"168":0,"169":0,"170":0,"171":0,"172":0,"173":0,"174":0,"175":0,"176":0,"177":0,"178":0,"179":0,"180":0,"181":0,"182":0,"183":0,"184":0,"185":0,"186":0,"187":0,"188":0,"189":0,"190":0,"191":0,"192":0,"193":0,"194":0,"195":0,"196":0,"197":0,"198":0,"199":16,"200":0,"201":0,"202":0,"203":0,"204":0,"205":0,"206":0,"207":0,"208":0,"209":0,"210":0,"211":0},"f":{"0":5,"1":6,"2":3,"3":0,"4":2,"5":2,"6":2,"7":7,"8":1,"9":2,"10":4,"11":0,"12":0,"13":0,"14":2,"15":0,"16":0,"17":10,"18":0},"b":{"0":[0,5],"1":[3,2],"2":[5,3],"3":[0,2],"4":[0,6],"5":[3,3],"6":[6,3],"7":[0,3],"8":[3,3,3],"9":[0,2],"10":[0,2],"11":[0,2],"12":[2,0],"13":[7,7,7],"14":[0,4],"15":[0,4],"16":[1,3],"17":[0,3],"18":[0,3],"19":[1,2],"20":[0,2],"21":[0,0],"22":[0,0],"23":[0,0],"24":[0,2],"25":[1,1],"26":[2,2],"27":[1,0],"28":[0,10],"29":[10,0],"30":[1,9],"31":[4,5],"32":[9,9],"33":[2,2],"34":[3,2],"35":[1,2],"36":[1,1],"37":[0,0],"38":[0,0],"39":[0,0],"40":[0,0],"41":[0,0],"42":[0,0],"43":[0,0],"44":[0,0,0],"45":[0,0],"46":[0,0],"47":[0,0],"48":[0,0],"49":[0,0],"50":[0,0],"51":[0,0],"52":[0,0],"53":[0,0],"54":[0,0],"55":[0,0],"56":[0,0],"57":[0,0],"58":[0,0],"59":[0,0],"60":[0,0],"61":[0,0],"62":[0,0],"63":[0,0]},"_coverageSchema":"1a1c01bbd47fc00a2c39e90264f33305004495a9","hash":"d1b06193c2d9a0ed56821ebe8d9f26e6e87fe99d"}
,"/Users/kapilyadav/Desktop/XflyveProject/Xflyve/backend/controllers/truckController.js": {"path":"/Users/kapilyadav/Desktop/XflyveProject/Xflyve/backend/controllers/truckController.js","statementMap":{"0":{"start":{"line":1,"column":17},"end":{"line":1,"column":36}},"1":{"start":{"line":2,"column":14},"end":{"line":2,"column":40}},"2":{"start":{"line":3,"column":12},"end":{"line":3,"column":36}},"3":{"start":{"line":4,"column":24},"end":{"line":4,"column":65}},"4":{"start":{"line":5,"column":15},"end":{"line":5,"column":41}},"5":{"start":{"line":12,"column":0},"end":{"line":27,"column":2}},"6":{"start":{"line":13,"column":2},"end":{"line":26,"column":3}},"7":{"start":{"line":14,"column":19},"end":{"line":16,"column":13}},"8":{"start":{"line":18,"column":4},"end":{"line":22,"column":7}},"9":{"start":{"line":24,"column":4},"end":{"line":24,"column":50}},"10":{"start":{"line":25,"column":4},"end":{"line":25,"column":77}},"11":{"start":{"line":34,"column":0},"end":{"line":91,"column":2}},"12":{"start":{"line":35,"column":2},"end":{"line":90,"column":3}},"13":{"start":{"line":36,"column":104},"end":{"line":36,"column":112}},"14":{"start":{"line":37,"column":34},"end":{"line":37,"column":66}},"15":{"start":{"line":39,"column":26},"end":{"line":39,"column":85}},"16":{"start":{"line":40,"column":4},"end":{"line":45,"column":5}},"17":{"start":{"line":41,"column":6},"end":{"line":44,"column":9}},"18":{"start":{"line":47,"column":4},"end":{"line":61,"column":5}},"19":{"start":{"line":48,"column":6},"end":{"line":48,"column":40}},"20":{"start":{"line":49,"column":6},"end":{"line":49,"column":90}},"21":{"start":{"line":50,"column":6},"end":{"line":50,"column":44}},"22":{"start":{"line":51,"column":6},"end":{"line":51,"column":52}},"23":{"start":{"line":52,"column":6},"end":{"line":52,"column":39}},"24":{"start":{"line":53,"column":6},"end":{"line":53,"column":62}},"25":{"start":{"line":54,"column":6},"end":{"line":54,"column":33}},"26":{"start":{"line":56,"column":6},"end":{"line":60,"column":9}},"27":{"start":{"line":63,"column":21},"end":{"line":71,"column":6}},"28":{"start":{"line":73,"column":4},"end":{"line":73,"column":26}},"29":{"start":{"line":75,"column":4},"end":{"line":79,"column":7}},"30":{"start":{"line":81,"column":4},"end":{"line":86,"column":5}},"31":{"start":{"line":82,"column":6},"end":{"line":85,"column":9}},"32":{"start":{"line":88,"column":4},"end":{"line":88,"column":45}},"33":{"start":{"line":89,"column":4},"end":{"line":89,"column":77}},"34":{"start":{"line":98,"column":0},"end":{"line":147,"column":2}},"35":{"start":{"line":99,"column":22},"end":{"line":99,"column":32}},"36":{"start":{"line":101,"column":2},"end":{"line":103,"column":3}},"37":{"start":{"line":102,"column":4},"end":{"line":102,"column":81}},"38":{"start":{"line":105,"column":2},"end":{"line":146,"column":3}},"39":{"start":{"line":106,"column":18},"end":{"line":106,"column":47}},"40":{"start":{"line":108,"column":4},"end":{"line":110,"column":5}},"41":{"start":{"line":109,"column":6},"end":{"line":109,"column":82}},"42":{"start":{"line":112,"column":97},"end":{"line":112,"column":105}},"43":{"start":{"line":114,"column":4},"end":{"line":127,"column":5}},"44":{"start":{"line":115,"column":24},"end":{"line":119,"column":8}},"45":{"start":{"line":121,"column":6},"end":{"line":126,"column":7}},"46":{"start":{"line":122,"column":8},"end":{"line":125,"column":11}},"47":{"start":{"line":129,"column":4},"end":{"line":129,"column":67}},"48":{"start":{"line":129,"column":35},"end":{"line":129,"column":67}},"49":{"start":{"line":130,"column":4},"end":{"line":130,"column":58}},"50":{"start":{"line":130,"column":32},"end":{"line":130,"column":58}},"51":{"start":{"line":131,"column":4},"end":{"line":131,"column":52}},"52":{"start":{"line":131,"column":30},"end":{"line":131,"column":52}},"53":{"start":{"line":132,"column":4},"end":{"line":132,"column":70}},"54":{"start":{"line":132,"column":36},"end":{"line":132,"column":70}},"55":{"start":{"line":133,"column":4},"end":{"line":133,"column":76}},"56":{"start":{"line":133,"column":38},"end":{"line":133,"column":76}},"57":{"start":{"line":134,"column":4},"end":{"line":134,"column":91}},"58":{"start":{"line":134,"column":43},"end":{"line":134,"column":91}},"59":{"start":{"line":136,"column":4},"end":{"line":136,"column":23}},"60":{"start":{"line":138,"column":4},"end":{"line":142,"column":7}},"61":{"start":{"line":144,"column":4},"end":{"line":144,"column":48}},"62":{"start":{"line":145,"column":4},"end":{"line":145,"column":77}},"63":{"start":{"line":154,"column":0},"end":{"line":188,"column":2}},"64":{"start":{"line":155,"column":22},"end":{"line":155,"column":32}},"65":{"start":{"line":157,"column":2},"end":{"line":159,"column":3}},"66":{"start":{"line":158,"column":4},"end":{"line":158,"column":81}},"67":{"start":{"line":161,"column":2},"end":{"line":187,"column":3}},"68":{"start":{"line":162,"column":36},"end":{"line":165,"column":6}},"69":{"start":{"line":167,"column":4},"end":{"line":172,"column":5}},"70":{"start":{"line":168,"column":6},"end":{"line":171,"column":9}},"71":{"start":{"line":174,"column":18},"end":{"line":174,"column":47}},"72":{"start":{"line":176,"column":4},"end":{"line":178,"column":5}},"73":{"start":{"line":177,"column":6},"end":{"line":177,"column":82}},"74":{"start":{"line":180,"column":4},"end":{"line":180,"column":36}},"75":{"start":{"line":181,"column":4},"end":{"line":181,"column":23}},"76":{"start":{"line":183,"column":4},"end":{"line":183,"column":91}},"77":{"start":{"line":185,"column":4},"end":{"line":185,"column":48}},"78":{"start":{"line":186,"column":4},"end":{"line":186,"column":77}}},"fnMap":{"0":{"name":"(anonymous_0)","decl":{"start":{"line":12,"column":23},"end":{"line":12,"column":24}},"loc":{"start":{"line":12,"column":43},"end":{"line":27,"column":1}},"line":12},"1":{"name":"(anonymous_1)","decl":{"start":{"line":34,"column":19},"end":{"line":34,"column":20}},"loc":{"start":{"line":34,"column":39},"end":{"line":91,"column":1}},"line":34},"2":{"name":"(anonymous_2)","decl":{"start":{"line":98,"column":22},"end":{"line":98,"column":23}},"loc":{"start":{"line":98,"column":42},"end":{"line":147,"column":1}},"line":98},"3":{"name":"(anonymous_3)","decl":{"start":{"line":154,"column":22},"end":{"line":154,"column":23}},"loc":{"start":{"line":154,"column":42},"end":{"line":188,"column":1}},"line":154}},"branchMap":{"0":{"loc":{"start":{"line":40,"column":4},"end":{"line":45,"column":5}},"type":"if","locations":[{"start":{"line":40,"column":4},"end":{"line":45,"column":5}},{"start":{},"end":{}}],"line":40},"1":{"loc":{"start":{"line":40,"column":8},"end":{"line":40,"column":66}},"type":"binary-expr","locations":[{"start":{"line":40,"column":8},"end":{"line":40,"column":21}},{"start":{"line":40,"column":25},"end":{"line":40,"column":66}}],"line":40},"2":{"loc":{"start":{"line":47,"column":4},"end":{"line":61,"column":5}},"type":"if","locations":[{"start":{"line":47,"column":4},"end":{"line":61,"column":5}},{"start":{},"end":{}}],"line":47},"3":{"loc":{"start":{"line":49,"column":29},"end":{"line":49,"column":89}},"type":"cond-expr","locations":[{"start":{"line":49,"column":59},"end":{"line":49,"column":75}},{"start":{"line":49,"column":78},"end":{"line":49,"column":89}}],"line":49},"4":{"loc":{"start":{"line":67,"column":14},"end":{"line":67,"column":74}},"type":"cond-expr","locations":[{"start":{"line":67,"column":44},"end":{"line":67,"column":60}},{"start":{"line":67,"column":63},"end":{"line":67,"column":74}}],"line":67},"5":{"loc":{"start":{"line":81,"column":4},"end":{"line":86,"column":5}},"type":"if","locations":[{"start":{"line":81,"column":4},"end":{"line":86,"column":5}},{"start":{},"end":{}}],"line":81},"6":{"loc":{"start":{"line":101,"column":2},"end":{"line":103,"column":3}},"type":"if","locations":[{"start":{"line":101,"column":2},"end":{"line":103,"column":3}},{"start":{},"end":{}}],"line":101},"7":{"loc":{"start":{"line":108,"column":4},"end":{"line":110,"column":5}},"type":"if","locations":[{"start":{"line":108,"column":4},"end":{"line":110,"column":5}},{"start":{},"end":{}}],"line":108},"8":{"loc":{"start":{"line":114,"column":4},"end":{"line":127,"column":5}},"type":"if","locations":[{"start":{"line":114,"column":4},"end":{"line":127,"column":5}},{"start":{},"end":{}}],"line":114},"9":{"loc":{"start":{"line":121,"column":6},"end":{"line":126,"column":7}},"type":"if","locations":[{"start":{"line":121,"column":6},"end":{"line":126,"column":7}},{"start":{},"end":{}}],"line":121},"10":{"loc":{"start":{"line":129,"column":4},"end":{"line":129,"column":67}},"type":"if","locations":[{"start":{"line":129,"column":4},"end":{"line":129,"column":67}},{"start":{},"end":{}}],"line":129},"11":{"loc":{"start":{"line":130,"column":4},"end":{"line":130,"column":58}},"type":"if","locations":[{"start":{"line":130,"column":4},"end":{"line":130,"column":58}},{"start":{},"end":{}}],"line":130},"12":{"loc":{"start":{"line":131,"column":4},"end":{"line":131,"column":52}},"type":"if","locations":[{"start":{"line":131,"column":4},"end":{"line":131,"column":52}},{"start":{},"end":{}}],"line":131},"13":{"loc":{"start":{"line":132,"column":4},"end":{"line":132,"column":70}},"type":"if","locations":[{"start":{"line":132,"column":4},"end":{"line":132,"column":70}},{"start":{},"end":{}}],"line":132},"14":{"loc":{"start":{"line":133,"column":4},"end":{"line":133,"column":76}},"type":"if","locations":[{"start":{"line":133,"column":4},"end":{"line":133,"column":76}},{"start":{},"end":{}}],"line":133},"15":{"loc":{"start":{"line":134,"column":4},"end":{"line":134,"column":91}},"type":"if","locations":[{"start":{"line":134,"column":4},"end":{"line":134,"column":91}},{"start":{},"end":{}}],"line":134},"16":{"loc":{"start":{"line":157,"column":2},"end":{"line":159,"column":3}},"type":"if","locations":[{"start":{"line":157,"column":2},"end":{"line":159,"column":3}},{"start":{},"end":{}}],"line":157},"17":{"loc":{"start":{"line":167,"column":4},"end":{"line":172,"column":5}},"type":"if","locations":[{"start":{"line":167,"column":4},"end":{"line":172,"column":5}},{"start":{},"end":{}}],"line":167},"18":{"loc":{"start":{"line":167,"column":8},"end":{"line":167,"column":31}},"type":"binary-expr","locations":[{"start":{"line":167,"column":8},"end":{"line":167,"column":17}},{"start":{"line":167,"column":21},"end":{"line":167,"column":31}}],"line":167},"19":{"loc":{"start":{"line":176,"column":4},"end":{"line":178,"column":5}},"type":"if","locations":[{"start":{"line":176,"column":4},"end":{"line":178,"column":5}},{"start":{},"end":{}}],"line":176}},"s":{"0":2,"1":2,"2":2,"3":2,"4":2,"5":2,"6":0,"7":0,"8":0,"9":0,"10":0,"11":2,"12":0,"13":0,"14":0,"15":0,"16":0,"17":0,"18":0,"19":0,"20":0,"21":0,"22":0,"23":0,"24":0,"25":0,"26":0,"27":0,"28":0,"29":0,"30":0,"31":0,"32":0,"33":0,"34":2,"35":3,"36":3,"37":0,"38":3,"39":3,"40":3,"41":0,"42":3,"43":3,"44":2,"45":2,"46":1,"47":2,"48":0,"49":2,"50":0,"51":2,"52":2,"53":2,"54":0,"55":2,"56":0,"57":2,"58":0,"59":2,"60":2,"61":0,"62":0,"63":2,"64":0,"65":0,"66":0,"67":0,"68":0,"69":0,"70":0,"71":0,"72":0,"73":0,"74":0,"75":0,"76":0,"77":0,"78":0},"f":{"0":0,"1":0,"2":3,"3":0},"b":{"0":[0,0],"1":[0,0],"2":[0,0],"3":[0,0],"4":[0,0],"5":[0,0],"6":[0,3],"7":[0,3],"8":[2,1],"9":[1,1],"10":[0,2],"11":[0,2],"12":[2,0],"13":[0,2],"14":[0,2],"15":[0,2],"16":[0,0],"17":[0,0],"18":[0,0],"19":[0,0]},"_coverageSchema":"1a1c01bbd47fc00a2c39e90264f33305004495a9","hash":"0c4d6bda1b7d85b3b16ea6f2919c0c4d74edf4b2"}
,"/Users/kapilyadav/Desktop/XflyveProject/Xflyve/backend/controllers/workLogController.js": {"path":"/Users/kapilyadav/Desktop/XflyveProject/Xflyve/backend/controllers/workLogController.js","statementMap":{"0":{"start":{"line":1,"column":17},"end":{"line":1,"column":36}},"1":{"start":{"line":2,"column":21},"end":{"line":2,"column":54}},"2":{"start":{"line":3,"column":12},"end":{"line":3,"column":36}},"3":{"start":{"line":4,"column":15},"end":{"line":4,"column":41}},"4":{"start":{"line":6,"column":26},"end":{"line":16,"column":1}},"5":{"start":{"line":7,"column":2},"end":{"line":7,"column":26}},"6":{"start":{"line":7,"column":14},"end":{"line":7,"column":26}},"7":{"start":{"line":8,"column":2},"end":{"line":10,"column":3}},"8":{"start":{"line":9,"column":4},"end":{"line":9,"column":46}},"9":{"start":{"line":12,"column":15},"end":{"line":12,"column":30}},"10":{"start":{"line":13,"column":2},"end":{"line":13,"column":48}},"11":{"start":{"line":13,"column":36},"end":{"line":13,"column":48}},"12":{"start":{"line":15,"column":2},"end":{"line":15,"column":70}},"13":{"start":{"line":18,"column":17},"end":{"line":21,"column":1}},"14":{"start":{"line":19,"column":2},"end":{"line":19,"column":78}},"15":{"start":{"line":19,"column":61},"end":{"line":19,"column":78}},"16":{"start":{"line":20,"column":2},"end":{"line":20,"column":23}},"17":{"start":{"line":23,"column":34},"end":{"line":32,"column":1}},"18":{"start":{"line":24,"column":22},"end":{"line":24,"column":37}},"19":{"start":{"line":25,"column":2},"end":{"line":27,"column":3}},"20":{"start":{"line":26,"column":4},"end":{"line":26,"column":52}},"21":{"start":{"line":28,"column":2},"end":{"line":30,"column":3}},"22":{"start":{"line":29,"column":4},"end":{"line":29,"column":52}},"23":{"start":{"line":31,"column":2},"end":{"line":31,"column":14}},"24":{"start":{"line":34,"column":24},"end":{"line":45,"column":1}},"25":{"start":{"line":35,"column":22},"end":{"line":39,"column":3}},"26":{"start":{"line":36,"column":4},"end":{"line":36,"column":28}},"27":{"start":{"line":36,"column":16},"end":{"line":36,"column":28}},"28":{"start":{"line":37,"column":4},"end":{"line":37,"column":72}},"29":{"start":{"line":37,"column":35},"end":{"line":37,"column":72}},"30":{"start":{"line":38,"column":4},"end":{"line":38,"column":17}},"31":{"start":{"line":41,"column":2},"end":{"line":41,"column":49}},"32":{"start":{"line":41,"column":18},"end":{"line":41,"column":49}},"33":{"start":{"line":42,"column":2},"end":{"line":42,"column":95}},"34":{"start":{"line":42,"column":60},"end":{"line":42,"column":95}},"35":{"start":{"line":43,"column":2},"end":{"line":43,"column":77}},"36":{"start":{"line":43,"column":35},"end":{"line":43,"column":77}},"37":{"start":{"line":44,"column":2},"end":{"line":44,"column":14}},"38":{"start":{"line":47,"column":22},"end":{"line":54,"column":1}},"39":{"start":{"line":48,"column":2},"end":{"line":48,"column":69}},"40":{"start":{"line":48,"column":57},"end":{"line":48,"column":69}},"41":{"start":{"line":49,"column":2},"end":{"line":53,"column":12}},"42":{"start":{"line":56,"column":38},"end":{"line":113,"column":1}},"43":{"start":{"line":57,"column":16},"end":{"line":57,"column":50}},"44":{"start":{"line":58,"column":14},"end":{"line":58,"column":50}},"45":{"start":{"line":59,"column":2},"end":{"line":61,"column":3}},"46":{"start":{"line":60,"column":4},"end":{"line":60,"column":57}},"47":{"start":{"line":63,"column":26},"end":{"line":63,"column":102}},"48":{"start":{"line":64,"column":2},"end":{"line":64,"column":57}},"49":{"start":{"line":64,"column":23},"end":{"line":64,"column":57}},"50":{"start":{"line":66,"column":2},"end":{"line":86,"column":3}},"51":{"start":{"line":67,"column":4},"end":{"line":67,"column":80}},"52":{"start":{"line":67,"column":30},"end":{"line":67,"column":80}},"53":{"start":{"line":68,"column":4},"end":{"line":68,"column":72}},"54":{"start":{"line":68,"column":28},"end":{"line":68,"column":72}},"55":{"start":{"line":70,"column":23},"end":{"line":70,"column":81}},"56":{"start":{"line":71,"column":4},"end":{"line":71,"column":49}},"57":{"start":{"line":71,"column":20},"end":{"line":71,"column":49}},"58":{"start":{"line":73,"column":4},"end":{"line":85,"column":6}},"59":{"start":{"line":88,"column":23},"end":{"line":88,"column":98}},"60":{"start":{"line":89,"column":2},"end":{"line":89,"column":51}},"61":{"start":{"line":89,"column":20},"end":{"line":89,"column":51}},"62":{"start":{"line":91,"column":21},"end":{"line":91,"column":92}},"63":{"start":{"line":92,"column":2},"end":{"line":92,"column":47}},"64":{"start":{"line":92,"column":18},"end":{"line":92,"column":47}},"65":{"start":{"line":94,"column":18},"end":{"line":94,"column":48}},"66":{"start":{"line":95,"column":16},"end":{"line":95,"column":44}},"67":{"start":{"line":96,"column":2},"end":{"line":98,"column":3}},"68":{"start":{"line":97,"column":4},"end":{"line":97,"column":76}},"69":{"start":{"line":100,"column":2},"end":{"line":112,"column":4}},"70":{"start":{"line":120,"column":0},"end":{"line":166,"column":2}},"71":{"start":{"line":121,"column":55},"end":{"line":121,"column":63}},"72":{"start":{"line":122,"column":19},"end":{"line":122,"column":46}},"73":{"start":{"line":123,"column":24},"end":{"line":123,"column":40}},"74":{"start":{"line":125,"column":2},"end":{"line":130,"column":3}},"75":{"start":{"line":126,"column":4},"end":{"line":129,"column":7}},"76":{"start":{"line":132,"column":2},"end":{"line":165,"column":3}},"77":{"start":{"line":133,"column":31},"end":{"line":133,"column":63}},"78":{"start":{"line":134,"column":4},"end":{"line":136,"column":5}},"79":{"start":{"line":135,"column":6},"end":{"line":135,"column":84}},"80":{"start":{"line":138,"column":23},"end":{"line":138,"column":88}},"81":{"start":{"line":139,"column":4},"end":{"line":141,"column":5}},"82":{"start":{"line":140,"column":6},"end":{"line":140,"column":81}},"83":{"start":{"line":143,"column":19},"end":{"line":150,"column":6}},"84":{"start":{"line":152,"column":4},"end":{"line":152,"column":24}},"85":{"start":{"line":154,"column":4},"end":{"line":158,"column":7}},"86":{"start":{"line":160,"column":4},"end":{"line":160,"column":50}},"87":{"start":{"line":161,"column":4},"end":{"line":164,"column":7}},"88":{"start":{"line":172,"column":0},"end":{"line":198,"column":2}},"89":{"start":{"line":173,"column":23},"end":{"line":173,"column":33}},"90":{"start":{"line":174,"column":17},"end":{"line":174,"column":44}},"91":{"start":{"line":176,"column":2},"end":{"line":178,"column":3}},"92":{"start":{"line":177,"column":4},"end":{"line":177,"column":81}},"93":{"start":{"line":180,"column":2},"end":{"line":182,"column":3}},"94":{"start":{"line":181,"column":4},"end":{"line":181,"column":78}},"95":{"start":{"line":184,"column":2},"end":{"line":197,"column":3}},"96":{"start":{"line":185,"column":17},"end":{"line":186,"column":89}},"97":{"start":{"line":187,"column":4},"end":{"line":190,"column":7}},"98":{"start":{"line":192,"column":4},"end":{"line":192,"column":54}},"99":{"start":{"line":193,"column":4},"end":{"line":196,"column":7}},"100":{"start":{"line":203,"column":0},"end":{"line":224,"column":2}},"101":{"start":{"line":204,"column":19},"end":{"line":204,"column":46}},"102":{"start":{"line":206,"column":2},"end":{"line":208,"column":3}},"103":{"start":{"line":207,"column":4},"end":{"line":207,"column":81}},"104":{"start":{"line":210,"column":2},"end":{"line":223,"column":3}},"105":{"start":{"line":211,"column":17},"end":{"line":212,"column":89}},"106":{"start":{"line":213,"column":4},"end":{"line":216,"column":7}},"107":{"start":{"line":218,"column":4},"end":{"line":218,"column":47}},"108":{"start":{"line":219,"column":4},"end":{"line":222,"column":7}},"109":{"start":{"line":230,"column":0},"end":{"line":338,"column":2}},"110":{"start":{"line":231,"column":20},"end":{"line":231,"column":30}},"111":{"start":{"line":232,"column":17},"end":{"line":232,"column":44}},"112":{"start":{"line":233,"column":19},"end":{"line":233,"column":32}},"113":{"start":{"line":235,"column":2},"end":{"line":237,"column":3}},"114":{"start":{"line":236,"column":4},"end":{"line":236,"column":78}},"115":{"start":{"line":239,"column":25},"end":{"line":253,"column":3}},"116":{"start":{"line":254,"column":18},"end":{"line":254,"column":20}},"117":{"start":{"line":255,"column":2},"end":{"line":259,"column":5}},"118":{"start":{"line":256,"column":4},"end":{"line":258,"column":5}},"119":{"start":{"line":257,"column":6},"end":{"line":257,"column":39}},"120":{"start":{"line":261,"column":2},"end":{"line":263,"column":3}},"121":{"start":{"line":262,"column":4},"end":{"line":262,"column":35}},"122":{"start":{"line":265,"column":2},"end":{"line":337,"column":3}},"123":{"start":{"line":266,"column":16},"end":{"line":266,"column":50}},"124":{"start":{"line":267,"column":4},"end":{"line":269,"column":5}},"125":{"start":{"line":268,"column":6},"end":{"line":268,"column":85}},"126":{"start":{"line":271,"column":4},"end":{"line":273,"column":5}},"127":{"start":{"line":272,"column":6},"end":{"line":272,"column":80}},"128":{"start":{"line":275,"column":4},"end":{"line":280,"column":5}},"129":{"start":{"line":276,"column":6},"end":{"line":279,"column":9}},"130":{"start":{"line":282,"column":4},"end":{"line":289,"column":5}},"131":{"start":{"line":283,"column":33},"end":{"line":283,"column":84}},"132":{"start":{"line":284,"column":6},"end":{"line":286,"column":7}},"133":{"start":{"line":285,"column":8},"end":{"line":285,"column":86}},"134":{"start":{"line":287,"column":6},"end":{"line":287,"column":40}},"135":{"start":{"line":288,"column":6},"end":{"line":288,"column":44}},"136":{"start":{"line":291,"column":4},"end":{"line":313,"column":5}},"137":{"start":{"line":292,"column":29},"end":{"line":302,"column":7}},"138":{"start":{"line":303,"column":25},"end":{"line":307,"column":8}},"139":{"start":{"line":308,"column":6},"end":{"line":310,"column":7}},"140":{"start":{"line":309,"column":8},"end":{"line":309,"column":83}},"141":{"start":{"line":311,"column":6},"end":{"line":311,"column":48}},"142":{"start":{"line":312,"column":6},"end":{"line":312,"column":27}},"143":{"start":{"line":315,"column":4},"end":{"line":315,"column":32}},"144":{"start":{"line":317,"column":4},"end":{"line":322,"column":5}},"145":{"start":{"line":318,"column":6},"end":{"line":318,"column":29}},"146":{"start":{"line":319,"column":6},"end":{"line":319,"column":28}},"147":{"start":{"line":320,"column":6},"end":{"line":320,"column":28}},"148":{"start":{"line":321,"column":6},"end":{"line":321,"column":38}},"149":{"start":{"line":324,"column":4},"end":{"line":324,"column":21}},"150":{"start":{"line":326,"column":4},"end":{"line":330,"column":7}},"151":{"start":{"line":332,"column":4},"end":{"line":332,"column":50}},"152":{"start":{"line":333,"column":4},"end":{"line":336,"column":7}},"153":{"start":{"line":343,"column":0},"end":{"line":379,"column":2}},"154":{"start":{"line":344,"column":20},"end":{"line":344,"column":30}},"155":{"start":{"line":345,"column":17},"end":{"line":345,"column":44}},"156":{"start":{"line":346,"column":19},"end":{"line":346,"column":32}},"157":{"start":{"line":348,"column":2},"end":{"line":350,"column":3}},"158":{"start":{"line":349,"column":4},"end":{"line":349,"column":78}},"159":{"start":{"line":352,"column":2},"end":{"line":378,"column":3}},"160":{"start":{"line":353,"column":16},"end":{"line":353,"column":50}},"161":{"start":{"line":354,"column":4},"end":{"line":356,"column":5}},"162":{"start":{"line":355,"column":6},"end":{"line":355,"column":85}},"163":{"start":{"line":358,"column":4},"end":{"line":360,"column":5}},"164":{"start":{"line":359,"column":6},"end":{"line":359,"column":80}},"165":{"start":{"line":362,"column":4},"end":{"line":367,"column":5}},"166":{"start":{"line":363,"column":6},"end":{"line":366,"column":9}},"167":{"start":{"line":369,"column":4},"end":{"line":369,"column":26}},"168":{"start":{"line":371,"column":4},"end":{"line":374,"column":7}},"169":{"start":{"line":376,"column":4},"end":{"line":376,"column":50}},"170":{"start":{"line":377,"column":4},"end":{"line":377,"column":77}},"171":{"start":{"line":381,"column":0},"end":{"line":406,"column":2}},"172":{"start":{"line":382,"column":20},"end":{"line":382,"column":30}},"173":{"start":{"line":384,"column":2},"end":{"line":386,"column":3}},"174":{"start":{"line":385,"column":4},"end":{"line":385,"column":78}},"175":{"start":{"line":388,"column":2},"end":{"line":405,"column":3}},"176":{"start":{"line":389,"column":16},"end":{"line":389,"column":50}},"177":{"start":{"line":390,"column":4},"end":{"line":390,"column":93}},"178":{"start":{"line":390,"column":14},"end":{"line":390,"column":93}},"179":{"start":{"line":392,"column":4},"end":{"line":392,"column":28}},"180":{"start":{"line":393,"column":4},"end":{"line":393,"column":33}},"181":{"start":{"line":394,"column":4},"end":{"line":394,"column":32}},"182":{"start":{"line":395,"column":4},"end":{"line":395,"column":26}},"183":{"start":{"line":396,"column":4},"end":{"line":396,"column":26}},"184":{"start":{"line":397,"column":4},"end":{"line":397,"column":36}},"185":{"start":{"line":399,"column":4},"end":{"line":399,"column":21}},"186":{"start":{"line":401,"column":4},"end":{"line":401,"column":96}},"187":{"start":{"line":403,"column":4},"end":{"line":403,"column":51}},"188":{"start":{"line":404,"column":4},"end":{"line":404,"column":77}},"189":{"start":{"line":408,"column":0},"end":{"line":434,"column":2}},"190":{"start":{"line":409,"column":20},"end":{"line":409,"column":30}},"191":{"start":{"line":410,"column":30},"end":{"line":410,"column":38}},"192":{"start":{"line":412,"column":2},"end":{"line":414,"column":3}},"193":{"start":{"line":413,"column":4},"end":{"line":413,"column":78}},"194":{"start":{"line":416,"column":2},"end":{"line":433,"column":3}},"195":{"start":{"line":417,"column":16},"end":{"line":417,"column":50}},"196":{"start":{"line":418,"column":4},"end":{"line":418,"column":93}},"197":{"start":{"line":418,"column":14},"end":{"line":418,"column":93}},"198":{"start":{"line":420,"column":4},"end":{"line":420,"column":28}},"199":{"start":{"line":421,"column":4},"end":{"line":421,"column":33}},"200":{"start":{"line":422,"column":4},"end":{"line":422,"column":32}},"201":{"start":{"line":423,"column":4},"end":{"line":423,"column":42}},"202":{"start":{"line":424,"column":4},"end":{"line":424,"column":26}},"203":{"start":{"line":425,"column":4},"end":{"line":425,"column":26}},"204":{"start":{"line":427,"column":4},"end":{"line":427,"column":21}},"205":{"start":{"line":429,"column":4},"end":{"line":429,"column":96}},"206":{"start":{"line":431,"column":4},"end":{"line":431,"column":50}},"207":{"start":{"line":432,"column":4},"end":{"line":432,"column":77}},"208":{"start":{"line":442,"column":0},"end":{"line":465,"column":2}},"209":{"start":{"line":443,"column":23},"end":{"line":443,"column":33}},"210":{"start":{"line":445,"column":2},"end":{"line":464,"column":3}},"211":{"start":{"line":446,"column":16},"end":{"line":446,"column":18}},"212":{"start":{"line":447,"column":4},"end":{"line":452,"column":5}},"213":{"start":{"line":448,"column":6},"end":{"line":450,"column":7}},"214":{"start":{"line":449,"column":8},"end":{"line":449,"column":85}},"215":{"start":{"line":451,"column":6},"end":{"line":451,"column":32}},"216":{"start":{"line":455,"column":17},"end":{"line":458,"column":39}},"217":{"start":{"line":460,"column":4},"end":{"line":460,"column":63}},"218":{"start":{"line":462,"column":4},"end":{"line":462,"column":54}},"219":{"start":{"line":463,"column":4},"end":{"line":463,"column":77}},"220":{"start":{"line":467,"column":0},"end":{"line":479,"column":2}},"221":{"start":{"line":468,"column":2},"end":{"line":478,"column":3}},"222":{"start":{"line":469,"column":17},"end":{"line":472,"column":39}},"223":{"start":{"line":474,"column":4},"end":{"line":474,"column":63}},"224":{"start":{"line":476,"column":4},"end":{"line":476,"column":58}},"225":{"start":{"line":477,"column":4},"end":{"line":477,"column":77}}},"fnMap":{"0":{"name":"(anonymous_0)","decl":{"start":{"line":6,"column":26},"end":{"line":6,"column":27}},"loc":{"start":{"line":6,"column":37},"end":{"line":16,"column":1}},"line":6},"1":{"name":"(anonymous_1)","decl":{"start":{"line":18,"column":17},"end":{"line":18,"column":18}},"loc":{"start":{"line":18,"column":28},"end":{"line":21,"column":1}},"line":18},"2":{"name":"(anonymous_2)","decl":{"start":{"line":23,"column":34},"end":{"line":23,"column":35}},"loc":{"start":{"line":23,"column":70},"end":{"line":32,"column":1}},"line":23},"3":{"name":"(anonymous_3)","decl":{"start":{"line":34,"column":24},"end":{"line":34,"column":25}},"loc":{"start":{"line":34,"column":47},"end":{"line":45,"column":1}},"line":34},"4":{"name":"(anonymous_4)","decl":{"start":{"line":35,"column":22},"end":{"line":35,"column":23}},"loc":{"start":{"line":35,"column":33},"end":{"line":39,"column":3}},"line":35},"5":{"name":"(anonymous_5)","decl":{"start":{"line":47,"column":22},"end":{"line":47,"column":23}},"loc":{"start":{"line":47,"column":49},"end":{"line":54,"column":1}},"line":47},"6":{"name":"(anonymous_6)","decl":{"start":{"line":56,"column":38},"end":{"line":56,"column":39}},"loc":{"start":{"line":56,"column":81},"end":{"line":113,"column":1}},"line":56},"7":{"name":"(anonymous_7)","decl":{"start":{"line":120,"column":24},"end":{"line":120,"column":25}},"loc":{"start":{"line":120,"column":44},"end":{"line":166,"column":1}},"line":120},"8":{"name":"(anonymous_8)","decl":{"start":{"line":172,"column":26},"end":{"line":172,"column":27}},"loc":{"start":{"line":172,"column":46},"end":{"line":198,"column":1}},"line":172},"9":{"name":"(anonymous_9)","decl":{"start":{"line":203,"column":20},"end":{"line":203,"column":21}},"loc":{"start":{"line":203,"column":40},"end":{"line":224,"column":1}},"line":203},"10":{"name":"(anonymous_10)","decl":{"start":{"line":230,"column":24},"end":{"line":230,"column":25}},"loc":{"start":{"line":230,"column":44},"end":{"line":338,"column":1}},"line":230},"11":{"name":"(anonymous_11)","decl":{"start":{"line":255,"column":25},"end":{"line":255,"column":26}},"loc":{"start":{"line":255,"column":36},"end":{"line":259,"column":3}},"line":255},"12":{"name":"(anonymous_12)","decl":{"start":{"line":343,"column":24},"end":{"line":343,"column":25}},"loc":{"start":{"line":343,"column":44},"end":{"line":379,"column":1}},"line":343},"13":{"name":"(anonymous_13)","decl":{"start":{"line":381,"column":25},"end":{"line":381,"column":26}},"loc":{"start":{"line":381,"column":45},"end":{"line":406,"column":1}},"line":381},"14":{"name":"(anonymous_14)","decl":{"start":{"line":408,"column":24},"end":{"line":408,"column":25}},"loc":{"start":{"line":408,"column":44},"end":{"line":434,"column":1}},"line":408},"15":{"name":"(anonymous_15)","decl":{"start":{"line":442,"column":29},"end":{"line":442,"column":30}},"loc":{"start":{"line":442,"column":49},"end":{"line":465,"column":1}},"line":442},"16":{"name":"(anonymous_16)","decl":{"start":{"line":467,"column":33},"end":{"line":467,"column":34}},"loc":{"start":{"line":467,"column":53},"end":{"line":479,"column":1}},"line":467}},"branchMap":{"0":{"loc":{"start":{"line":7,"column":2},"end":{"line":7,"column":26}},"type":"if","locations":[{"start":{"line":7,"column":2},"end":{"line":7,"column":26}},{"start":{},"end":{}}],"line":7},"1":{"loc":{"start":{"line":8,"column":2},"end":{"line":10,"column":3}},"type":"if","locations":[{"start":{"line":8,"column":2},"end":{"line":10,"column":3}},{"start":{},"end":{}}],"line":8},"2":{"loc":{"start":{"line":8,"column":6},"end":{"line":8,"column":68}},"type":"binary-expr","locations":[{"start":{"line":8,"column":6},"end":{"line":8,"column":31}},{"start":{"line":8,"column":35},"end":{"line":8,"column":68}}],"line":8},"3":{"loc":{"start":{"line":13,"column":2},"end":{"line":13,"column":48}},"type":"if","locations":[{"start":{"line":13,"column":2},"end":{"line":13,"column":48}},{"start":{},"end":{}}],"line":13},"4":{"loc":{"start":{"line":19,"column":2},"end":{"line":19,"column":78}},"type":"if","locations":[{"start":{"line":19,"column":2},"end":{"line":19,"column":78}},{"start":{},"end":{}}],"line":19},"5":{"loc":{"start":{"line":19,"column":6},"end":{"line":19,"column":59}},"type":"binary-expr","locations":[{"start":{"line":19,"column":6},"end":{"line":19,"column":18}},{"start":{"line":19,"column":22},"end":{"line":19,"column":41}},{"start":{"line":19,"column":45},"end":{"line":19,"column":59}}],"line":19},"6":{"loc":{"start":{"line":23,"column":49},"end":{"line":23,"column":65}},"type":"default-arg","locations":[{"start":{"line":23,"column":60},"end":{"line":23,"column":65}}],"line":23},"7":{"loc":{"start":{"line":25,"column":2},"end":{"line":27,"column":3}},"type":"if","locations":[{"start":{"line":25,"column":2},"end":{"line":27,"column":3}},{"start":{},"end":{}}],"line":25},"8":{"loc":{"start":{"line":26,"column":11},"end":{"line":26,"column":51}},"type":"cond-expr","locations":[{"start":{"line":26,"column":22},"end":{"line":26,"column":44}},{"start":{"line":26,"column":47},"end":{"line":26,"column":51}}],"line":26},"9":{"loc":{"start":{"line":28,"column":2},"end":{"line":30,"column":3}},"type":"if","locations":[{"start":{"line":28,"column":2},"end":{"line":30,"column":3}},{"start":{},"end":{}}],"line":28},"10":{"loc":{"start":{"line":28,"column":6},"end":{"line":28,"column":50}},"type":"binary-expr","locations":[{"start":{"line":28,"column":6},"end":{"line":28,"column":31}},{"start":{"line":28,"column":35},"end":{"line":28,"column":50}}],"line":28},"11":{"loc":{"start":{"line":36,"column":4},"end":{"line":36,"column":28}},"type":"if","locations":[{"start":{"line":36,"column":4},"end":{"line":36,"column":28}},{"start":{},"end":{}}],"line":36},"12":{"loc":{"start":{"line":37,"column":4},"end":{"line":37,"column":72}},"type":"if","locations":[{"start":{"line":37,"column":4},"end":{"line":37,"column":72}},{"start":{},"end":{}}],"line":37},"13":{"loc":{"start":{"line":37,"column":42},"end":{"line":37,"column":71}},"type":"binary-expr","locations":[{"start":{"line":37,"column":42},"end":{"line":37,"column":51}},{"start":{"line":37,"column":55},"end":{"line":37,"column":63}},{"start":{"line":37,"column":67},"end":{"line":37,"column":71}}],"line":37},"14":{"loc":{"start":{"line":41,"column":2},"end":{"line":41,"column":49}},"type":"if","locations":[{"start":{"line":41,"column":2},"end":{"line":41,"column":49}},{"start":{},"end":{}}],"line":41},"15":{"loc":{"start":{"line":42,"column":2},"end":{"line":42,"column":95}},"type":"if","locations":[{"start":{"line":42,"column":2},"end":{"line":42,"column":95}},{"start":{},"end":{}}],"line":42},"16":{"loc":{"start":{"line":42,"column":6},"end":{"line":42,"column":58}},"type":"binary-expr","locations":[{"start":{"line":42,"column":6},"end":{"line":42,"column":32}},{"start":{"line":42,"column":36},"end":{"line":42,"column":58}}],"line":42},"17":{"loc":{"start":{"line":43,"column":2},"end":{"line":43,"column":77}},"type":"if","locations":[{"start":{"line":43,"column":2},"end":{"line":43,"column":77}},{"start":{},"end":{}}],"line":43},"18":{"loc":{"start":{"line":48,"column":2},"end":{"line":48,"column":69}},"type":"if","locations":[{"start":{"line":48,"column":2},"end":{"line":48,"column":69}},{"start":{},"end":{}}],"line":48},"19":{"loc":{"start":{"line":48,"column":6},"end":{"line":48,"column":55}},"type":"binary-expr","locations":[{"start":{"line":48,"column":6},"end":{"line":48,"column":12}},{"start":{"line":48,"column":16},"end":{"line":48,"column":55}}],"line":48},"20":{"loc":{"start":{"line":59,"column":2},"end":{"line":61,"column":3}},"type":"if","locations":[{"start":{"line":59,"column":2},"end":{"line":61,"column":3}},{"start":{},"end":{}}],"line":59},"21":{"loc":{"start":{"line":64,"column":2},"end":{"line":64,"column":57}},"type":"if","locations":[{"start":{"line":64,"column":2},"end":{"line":64,"column":57}},{"start":{},"end":{}}],"line":64},"22":{"loc":{"start":{"line":66,"column":2},"end":{"line":86,"column":3}},"type":"if","locations":[{"start":{"line":66,"column":2},"end":{"line":86,"column":3}},{"start":{},"end":{}}],"line":66},"23":{"loc":{"start":{"line":67,"column":4},"end":{"line":67,"column":80}},"type":"if","locations":[{"start":{"line":67,"column":4},"end":{"line":67,"column":80}},{"start":{},"end":{}}],"line":67},"24":{"loc":{"start":{"line":68,"column":4},"end":{"line":68,"column":72}},"type":"if","locations":[{"start":{"line":68,"column":4},"end":{"line":68,"column":72}},{"start":{},"end":{}}],"line":68},"25":{"loc":{"start":{"line":71,"column":4},"end":{"line":71,"column":49}},"type":"if","locations":[{"start":{"line":71,"column":4},"end":{"line":71,"column":49}},{"start":{},"end":{}}],"line":71},"26":{"loc":{"start":{"line":89,"column":2},"end":{"line":89,"column":51}},"type":"if","locations":[{"start":{"line":89,"column":2},"end":{"line":89,"column":51}},{"start":{},"end":{}}],"line":89},"27":{"loc":{"start":{"line":92,"column":2},"end":{"line":92,"column":47}},"type":"if","locations":[{"start":{"line":92,"column":2},"end":{"line":92,"column":47}},{"start":{},"end":{}}],"line":92},"28":{"loc":{"start":{"line":96,"column":2},"end":{"line":98,"column":3}},"type":"if","locations":[{"start":{"line":96,"column":2},"end":{"line":98,"column":3}},{"start":{},"end":{}}],"line":96},"29":{"loc":{"start":{"line":122,"column":19},"end":{"line":122,"column":46}},"type":"binary-expr","locations":[{"start":{"line":122,"column":19},"end":{"line":122,"column":30}},{"start":{"line":122,"column":34},"end":{"line":122,"column":46}}],"line":122},"30":{"loc":{"start":{"line":123,"column":24},"end":{"line":123,"column":40}},"type":"binary-expr","locations":[{"start":{"line":123,"column":24},"end":{"line":123,"column":32}},{"start":{"line":123,"column":36},"end":{"line":123,"column":40}}],"line":123},"31":{"loc":{"start":{"line":125,"column":2},"end":{"line":130,"column":3}},"type":"if","locations":[{"start":{"line":125,"column":2},"end":{"line":130,"column":3}},{"start":{},"end":{}}],"line":125},"32":{"loc":{"start":{"line":125,"column":6},"end":{"line":125,"column":79}},"type":"binary-expr","locations":[{"start":{"line":125,"column":6},"end":{"line":125,"column":15}},{"start":{"line":125,"column":19},"end":{"line":125,"column":33}},{"start":{"line":125,"column":37},"end":{"line":125,"column":79}}],"line":125},"33":{"loc":{"start":{"line":134,"column":4},"end":{"line":136,"column":5}},"type":"if","locations":[{"start":{"line":134,"column":4},"end":{"line":136,"column":5}},{"start":{},"end":{}}],"line":134},"34":{"loc":{"start":{"line":139,"column":4},"end":{"line":141,"column":5}},"type":"if","locations":[{"start":{"line":139,"column":4},"end":{"line":141,"column":5}},{"start":{},"end":{}}],"line":139},"35":{"loc":{"start":{"line":161,"column":22},"end":{"line":161,"column":43}},"type":"binary-expr","locations":[{"start":{"line":161,"column":22},"end":{"line":161,"column":36}},{"start":{"line":161,"column":40},"end":{"line":161,"column":43}}],"line":161},"36":{"loc":{"start":{"line":163,"column":15},"end":{"line":163,"column":60}},"type":"cond-expr","locations":[{"start":{"line":163,"column":32},"end":{"line":163,"column":43}},{"start":{"line":163,"column":46},"end":{"line":163,"column":60}}],"line":163},"37":{"loc":{"start":{"line":174,"column":17},"end":{"line":174,"column":44}},"type":"binary-expr","locations":[{"start":{"line":174,"column":17},"end":{"line":174,"column":28}},{"start":{"line":174,"column":32},"end":{"line":174,"column":44}}],"line":174},"38":{"loc":{"start":{"line":176,"column":2},"end":{"line":178,"column":3}},"type":"if","locations":[{"start":{"line":176,"column":2},"end":{"line":178,"column":3}},{"start":{},"end":{}}],"line":176},"39":{"loc":{"start":{"line":180,"column":2},"end":{"line":182,"column":3}},"type":"if","locations":[{"start":{"line":180,"column":2},"end":{"line":182,"column":3}},{"start":{},"end":{}}],"line":180},"40":{"loc":{"start":{"line":204,"column":19},"end":{"line":204,"column":46}},"type":"binary-expr","locations":[{"start":{"line":204,"column":19},"end":{"line":204,"column":30}},{"start":{"line":204,"column":34},"end":{"line":204,"column":46}}],"line":204},"41":{"loc":{"start":{"line":206,"column":2},"end":{"line":208,"column":3}},"type":"if","locations":[{"start":{"line":206,"column":2},"end":{"line":208,"column":3}},{"start":{},"end":{}}],"line":206},"42":{"loc":{"start":{"line":232,"column":17},"end":{"line":232,"column":44}},"type":"binary-expr","locations":[{"start":{"line":232,"column":17},"end":{"line":232,"column":28}},{"start":{"line":232,"column":32},"end":{"line":232,"column":44}}],"line":232},"43":{"loc":{"start":{"line":235,"column":2},"end":{"line":237,"column":3}},"type":"if","locations":[{"start":{"line":235,"column":2},"end":{"line":237,"column":3}},{"start":{},"end":{}}],"line":235},"44":{"loc":{"start":{"line":256,"column":4},"end":{"line":258,"column":5}},"type":"if","locations":[{"start":{"line":256,"column":4},"end":{"line":258,"column":5}},{"start":{},"end":{}}],"line":256},"45":{"loc":{"start":{"line":261,"column":2},"end":{"line":263,"column":3}},"type":"if","locations":[{"start":{"line":261,"column":2},"end":{"line":263,"column":3}},{"start":{},"end":{}}],"line":261},"46":{"loc":{"start":{"line":261,"column":6},"end":{"line":261,"column":76}},"type":"binary-expr","locations":[{"start":{"line":261,"column":6},"end":{"line":261,"column":31}},{"start":{"line":261,"column":35},"end":{"line":261,"column":76}}],"line":261},"47":{"loc":{"start":{"line":267,"column":4},"end":{"line":269,"column":5}},"type":"if","locations":[{"start":{"line":267,"column":4},"end":{"line":269,"column":5}},{"start":{},"end":{}}],"line":267},"48":{"loc":{"start":{"line":271,"column":4},"end":{"line":273,"column":5}},"type":"if","locations":[{"start":{"line":271,"column":4},"end":{"line":273,"column":5}},{"start":{},"end":{}}],"line":271},"49":{"loc":{"start":{"line":271,"column":8},"end":{"line":271,"column":71}},"type":"binary-expr","locations":[{"start":{"line":271,"column":8},"end":{"line":271,"column":28}},{"start":{"line":271,"column":32},"end":{"line":271,"column":71}}],"line":271},"50":{"loc":{"start":{"line":275,"column":4},"end":{"line":280,"column":5}},"type":"if","locations":[{"start":{"line":275,"column":4},"end":{"line":280,"column":5}},{"start":{},"end":{}}],"line":275},"51":{"loc":{"start":{"line":275,"column":8},"end":{"line":275,"column":58}},"type":"binary-expr","locations":[{"start":{"line":275,"column":8},"end":{"line":275,"column":29}},{"start":{"line":275,"column":33},"end":{"line":275,"column":58}}],"line":275},"52":{"loc":{"start":{"line":282,"column":4},"end":{"line":289,"column":5}},"type":"if","locations":[{"start":{"line":282,"column":4},"end":{"line":289,"column":5}},{"start":{},"end":{}}],"line":282},"53":{"loc":{"start":{"line":282,"column":8},"end":{"line":282,"column":40}},"type":"binary-expr","locations":[{"start":{"line":282,"column":8},"end":{"line":282,"column":20}},{"start":{"line":282,"column":24},"end":{"line":282,"column":40}}],"line":282},"54":{"loc":{"start":{"line":283,"column":51},"end":{"line":283,"column":83}},"type":"binary-expr","locations":[{"start":{"line":283,"column":51},"end":{"line":283,"column":67}},{"start":{"line":283,"column":71},"end":{"line":283,"column":83}}],"line":283},"55":{"loc":{"start":{"line":284,"column":6},"end":{"line":286,"column":7}},"type":"if","locations":[{"start":{"line":284,"column":6},"end":{"line":286,"column":7}},{"start":{},"end":{}}],"line":284},"56":{"loc":{"start":{"line":291,"column":4},"end":{"line":313,"column":5}},"type":"if","locations":[{"start":{"line":291,"column":4},"end":{"line":313,"column":5}},{"start":{},"end":{}}],"line":291},"57":{"loc":{"start":{"line":291,"column":8},"end":{"line":291,"column":89}},"type":"binary-expr","locations":[{"start":{"line":291,"column":8},"end":{"line":291,"column":35}},{"start":{"line":291,"column":39},"end":{"line":291,"column":67}},{"start":{"line":291,"column":71},"end":{"line":291,"column":89}}],"line":291},"58":{"loc":{"start":{"line":308,"column":6},"end":{"line":310,"column":7}},"type":"if","locations":[{"start":{"line":308,"column":6},"end":{"line":310,"column":7}},{"start":{},"end":{}}],"line":308},"59":{"loc":{"start":{"line":317,"column":4},"end":{"line":322,"column":5}},"type":"if","locations":[{"start":{"line":317,"column":4},"end":{"line":322,"column":5}},{"start":{},"end":{}}],"line":317},"60":{"loc":{"start":{"line":317,"column":8},"end":{"line":317,"column":58}},"type":"binary-expr","locations":[{"start":{"line":317,"column":8},"end":{"line":317,"column":29}},{"start":{"line":317,"column":33},"end":{"line":317,"column":58}}],"line":317},"61":{"loc":{"start":{"line":333,"column":22},"end":{"line":333,"column":43}},"type":"binary-expr","locations":[{"start":{"line":333,"column":22},"end":{"line":333,"column":36}},{"start":{"line":333,"column":40},"end":{"line":333,"column":43}}],"line":333},"62":{"loc":{"start":{"line":335,"column":15},"end":{"line":335,"column":60}},"type":"cond-expr","locations":[{"start":{"line":335,"column":32},"end":{"line":335,"column":43}},{"start":{"line":335,"column":46},"end":{"line":335,"column":60}}],"line":335},"63":{"loc":{"start":{"line":345,"column":17},"end":{"line":345,"column":44}},"type":"binary-expr","locations":[{"start":{"line":345,"column":17},"end":{"line":345,"column":28}},{"start":{"line":345,"column":32},"end":{"line":345,"column":44}}],"line":345},"64":{"loc":{"start":{"line":348,"column":2},"end":{"line":350,"column":3}},"type":"if","locations":[{"start":{"line":348,"column":2},"end":{"line":350,"column":3}},{"start":{},"end":{}}],"line":348},"65":{"loc":{"start":{"line":354,"column":4},"end":{"line":356,"column":5}},"type":"if","locations":[{"start":{"line":354,"column":4},"end":{"line":356,"column":5}},{"start":{},"end":{}}],"line":354},"66":{"loc":{"start":{"line":358,"column":4},"end":{"line":360,"column":5}},"type":"if","locations":[{"start":{"line":358,"column":4},"end":{"line":360,"column":5}},{"start":{},"end":{}}],"line":358},"67":{"loc":{"start":{"line":358,"column":8},"end":{"line":358,"column":71}},"type":"binary-expr","locations":[{"start":{"line":358,"column":8},"end":{"line":358,"column":28}},{"start":{"line":358,"column":32},"end":{"line":358,"column":71}}],"line":358},"68":{"loc":{"start":{"line":362,"column":4},"end":{"line":367,"column":5}},"type":"if","locations":[{"start":{"line":362,"column":4},"end":{"line":367,"column":5}},{"start":{},"end":{}}],"line":362},"69":{"loc":{"start":{"line":362,"column":8},"end":{"line":362,"column":58}},"type":"binary-expr","locations":[{"start":{"line":362,"column":8},"end":{"line":362,"column":29}},{"start":{"line":362,"column":33},"end":{"line":362,"column":58}}],"line":362},"70":{"loc":{"start":{"line":384,"column":2},"end":{"line":386,"column":3}},"type":"if","locations":[{"start":{"line":384,"column":2},"end":{"line":386,"column":3}},{"start":{},"end":{}}],"line":384},"71":{"loc":{"start":{"line":390,"column":4},"end":{"line":390,"column":93}},"type":"if","locations":[{"start":{"line":390,"column":4},"end":{"line":390,"column":93}},{"start":{},"end":{}}],"line":390},"72":{"loc":{"start":{"line":412,"column":2},"end":{"line":414,"column":3}},"type":"if","locations":[{"start":{"line":412,"column":2},"end":{"line":414,"column":3}},{"start":{},"end":{}}],"line":412},"73":{"loc":{"start":{"line":418,"column":4},"end":{"line":418,"column":93}},"type":"if","locations":[{"start":{"line":418,"column":4},"end":{"line":418,"column":93}},{"start":{},"end":{}}],"line":418},"74":{"loc":{"start":{"line":447,"column":4},"end":{"line":452,"column":5}},"type":"if","locations":[{"start":{"line":447,"column":4},"end":{"line":452,"column":5}},{"start":{},"end":{}}],"line":447},"75":{"loc":{"start":{"line":448,"column":6},"end":{"line":450,"column":7}},"type":"if","locations":[{"start":{"line":448,"column":6},"end":{"line":450,"column":7}},{"start":{},"end":{}}],"line":448}},"s":{"0":5,"1":5,"2":5,"3":5,"4":5,"5":5,"6":0,"7":5,"8":5,"9":0,"10":0,"11":0,"12":0,"13":5,"14":11,"15":1,"16":10,"17":5,"18":11,"19":11,"20":1,"21":10,"22":0,"23":10,"24":5,"25":5,"26":5,"27":0,"28":5,"29":0,"30":5,"31":5,"32":5,"33":0,"34":0,"35":0,"36":0,"37":0,"38":5,"39":5,"40":0,"41":5,"42":5,"43":5,"44":5,"45":5,"46":0,"47":5,"48":5,"49":0,"50":5,"51":2,"52":1,"53":1,"54":0,"55":1,"56":1,"57":0,"58":1,"59":3,"60":3,"61":1,"62":2,"63":2,"64":0,"65":2,"66":2,"67":2,"68":1,"69":1,"70":5,"71":5,"72":5,"73":5,"74":5,"75":0,"76":5,"77":5,"78":5,"79":0,"80":5,"81":5,"82":3,"83":2,"84":2,"85":2,"86":0,"87":0,"88":5,"89":0,"90":0,"91":0,"92":0,"93":0,"94":0,"95":0,"96":0,"97":0,"98":0,"99":0,"100":5,"101":0,"102":0,"103":0,"104":0,"105":0,"106":0,"107":0,"108":0,"109":5,"110":0,"111":0,"112":0,"113":0,"114":0,"115":0,"116":0,"117":0,"118":0,"119":0,"120":0,"121":0,"122":0,"123":0,"124":0,"125":0,"126":0,"127":0,"128":0,"129":0,"130":0,"131":0,"132":0,"133":0,"134":0,"135":0,"136":0,"137":0,"138":0,"139":0,"140":0,"141":0,"142":0,"143":0,"144":0,"145":0,"146":0,"147":0,"148":0,"149":0,"150":0,"151":0,"152":0,"153":5,"154":0,"155":0,"156":0,"157":0,"158":0,"159":0,"160":0,"161":0,"162":0,"163":0,"164":0,"165":0,"166":0,"167":0,"168":0,"169":0,"170":0,"171":5,"172":0,"173":0,"174":0,"175":0,"176":0,"177":0,"178":0,"179":0,"180":0,"181":0,"182":0,"183":0,"184":0,"185":0,"186":0,"187":0,"188":0,"189":5,"190":0,"191":0,"192":0,"193":0,"194":0,"195":0,"196":0,"197":0,"198":0,"199":0,"200":0,"201":0,"202":0,"203":0,"204":0,"205":0,"206":0,"207":0,"208":5,"209":0,"210":0,"211":0,"212":0,"213":0,"214":0,"215":0,"216":0,"217":0,"218":0,"219":0,"220":5,"221":0,"222":0,"223":0,"224":0,"225":0},"f":{"0":5,"1":11,"2":11,"3":5,"4":5,"5":5,"6":5,"7":5,"8":0,"9":0,"10":0,"11":0,"12":0,"13":0,"14":0,"15":0,"16":0},"b":{"0":[0,5],"1":[5,0],"2":[5,5],"3":[0,0],"4":[1,10],"5":[11,11,10],"6":[0],"7":[1,10],"8":[1,0],"9":[0,10],"10":[10,10],"11":[0,5],"12":[0,5],"13":[0,0,0],"14":[5,0],"15":[0,0],"16":[0,0],"17":[0,0],"18":[0,5],"19":[5,5],"20":[0,5],"21":[0,5],"22":[2,3],"23":[1,1],"24":[0,1],"25":[0,1],"26":[1,2],"27":[0,2],"28":[1,1],"29":[5,0],"30":[5,5],"31":[0,5],"32":[5,5,5],"33":[0,5],"34":[3,2],"35":[0,0],"36":[0,0],"37":[0,0],"38":[0,0],"39":[0,0],"40":[0,0],"41":[0,0],"42":[0,0],"43":[0,0],"44":[0,0],"45":[0,0],"46":[0,0],"47":[0,0],"48":[0,0],"49":[0,0],"50":[0,0],"51":[0,0],"52":[0,0],"53":[0,0],"54":[0,0],"55":[0,0],"56":[0,0],"57":[0,0,0],"58":[0,0],"59":[0,0],"60":[0,0],"61":[0,0],"62":[0,0],"63":[0,0],"64":[0,0],"65":[0,0],"66":[0,0],"67":[0,0],"68":[0,0],"69":[0,0],"70":[0,0],"71":[0,0],"72":[0,0],"73":[0,0],"74":[0,0],"75":[0,0]},"_coverageSchema":"1a1c01bbd47fc00a2c39e90264f33305004495a9","hash":"65cc1a3e4e85e0673340fcde6cc62071a9248db5"}
,"/Users/kapilyadav/Desktop/XflyveProject/Xflyve/backend/models/job.js": {"path":"/Users/kapilyadav/Desktop/XflyveProject/Xflyve/backend/models/job.js","statementMap":{"0":{"start":{"line":1,"column":17},"end":{"line":1,"column":36}},"1":{"start":{"line":3,"column":18},"end":{"line":97,"column":1}},"2":{"start":{"line":99,"column":0},"end":{"line":101,"column":3}},"3":{"start":{"line":100,"column":2},"end":{"line":100,"column":25}},"4":{"start":{"line":103,"column":0},"end":{"line":105,"column":3}},"5":{"start":{"line":104,"column":2},"end":{"line":104,"column":26}},"6":{"start":{"line":107,"column":0},"end":{"line":120,"column":2}},"7":{"start":{"line":108,"column":17},"end":{"line":108,"column":41}},"8":{"start":{"line":109,"column":23},"end":{"line":109,"column":40}},"9":{"start":{"line":111,"column":22},"end":{"line":117,"column":4}},"10":{"start":{"line":119,"column":2},"end":{"line":119,"column":30}},"11":{"start":{"line":122,"column":0},"end":{"line":135,"column":2}},"12":{"start":{"line":123,"column":20},"end":{"line":123,"column":47}},"13":{"start":{"line":124,"column":25},"end":{"line":124,"column":44}},"14":{"start":{"line":126,"column":24},"end":{"line":132,"column":4}},"15":{"start":{"line":134,"column":2},"end":{"line":134,"column":32}},"16":{"start":{"line":137,"column":0},"end":{"line":150,"column":2}},"17":{"start":{"line":138,"column":2},"end":{"line":138,"column":48}},"18":{"start":{"line":138,"column":35},"end":{"line":138,"column":48}},"19":{"start":{"line":139,"column":2},"end":{"line":139,"column":53}},"20":{"start":{"line":139,"column":40},"end":{"line":139,"column":53}},"21":{"start":{"line":140,"column":2},"end":{"line":140,"column":84}},"22":{"start":{"line":140,"column":71},"end":{"line":140,"column":84}},"23":{"start":{"line":142,"column":17},"end":{"line":142,"column":44}},"24":{"start":{"line":143,"column":2},"end":{"line":143,"column":28}},"25":{"start":{"line":143,"column":15},"end":{"line":143,"column":28}},"26":{"start":{"line":147,"column":2},"end":{"line":147,"column":44}},"27":{"start":{"line":147,"column":32},"end":{"line":147,"column":44}},"28":{"start":{"line":149,"column":2},"end":{"line":149,"column":33}},"29":{"start":{"line":152,"column":0},"end":{"line":164,"column":2}},"30":{"start":{"line":153,"column":15},"end":{"line":157,"column":4}},"31":{"start":{"line":159,"column":20},"end":{"line":161,"column":3}},"32":{"start":{"line":160,"column":29},"end":{"line":160,"column":70}},"33":{"start":{"line":163,"column":2},"end":{"line":163,"column":35}},"34":{"start":{"line":166,"column":0},"end":{"line":180,"column":3}},"35":{"start":{"line":167,"column":2},"end":{"line":177,"column":3}},"36":{"start":{"line":168,"column":16},"end":{"line":168,"column":26}},"37":{"start":{"line":170,"column":4},"end":{"line":172,"column":5}},"38":{"start":{"line":171,"column":6},"end":{"line":171,"column":27}},"39":{"start":{"line":174,"column":4},"end":{"line":176,"column":5}},"40":{"start":{"line":175,"column":6},"end":{"line":175,"column":29}},"41":{"start":{"line":179,"column":2},"end":{"line":179,"column":9}},"42":{"start":{"line":182,"column":0},"end":{"line":182,"column":50}}},"fnMap":{"0":{"name":"(anonymous_0)","decl":{"start":{"line":99,"column":40},"end":{"line":99,"column":41}},"loc":{"start":{"line":99,"column":52},"end":{"line":101,"column":1}},"line":99},"1":{"name":"(anonymous_1)","decl":{"start":{"line":103,"column":40},"end":{"line":103,"column":41}},"loc":{"start":{"line":103,"column":57},"end":{"line":105,"column":1}},"line":103},"2":{"name":"(anonymous_2)","decl":{"start":{"line":107,"column":35},"end":{"line":107,"column":36}},"loc":{"start":{"line":107,"column":53},"end":{"line":120,"column":1}},"line":107},"3":{"name":"(anonymous_3)","decl":{"start":{"line":122,"column":37},"end":{"line":122,"column":38}},"loc":{"start":{"line":122,"column":55},"end":{"line":135,"column":1}},"line":122},"4":{"name":"(anonymous_4)","decl":{"start":{"line":137,"column":35},"end":{"line":137,"column":36}},"loc":{"start":{"line":137,"column":53},"end":{"line":150,"column":1}},"line":137},"5":{"name":"(anonymous_5)","decl":{"start":{"line":152,"column":42},"end":{"line":152,"column":43}},"loc":{"start":{"line":152,"column":60},"end":{"line":164,"column":1}},"line":152},"6":{"name":"(anonymous_6)","decl":{"start":{"line":160,"column":13},"end":{"line":160,"column":14}},"loc":{"start":{"line":160,"column":29},"end":{"line":160,"column":70}},"line":160},"7":{"name":"(anonymous_7)","decl":{"start":{"line":166,"column":22},"end":{"line":166,"column":23}},"loc":{"start":{"line":166,"column":38},"end":{"line":180,"column":1}},"line":166}},"branchMap":{"0":{"loc":{"start":{"line":109,"column":23},"end":{"line":109,"column":40}},"type":"binary-expr","locations":[{"start":{"line":109,"column":23},"end":{"line":109,"column":34}},{"start":{"line":109,"column":38},"end":{"line":109,"column":40}}],"line":109},"1":{"loc":{"start":{"line":115,"column":10},"end":{"line":115,"column":69}},"type":"cond-expr","locations":[{"start":{"line":115,"column":32},"end":{"line":115,"column":64}},{"start":{"line":115,"column":67},"end":{"line":115,"column":69}}],"line":115},"2":{"loc":{"start":{"line":124,"column":25},"end":{"line":124,"column":44}},"type":"binary-expr","locations":[{"start":{"line":124,"column":25},"end":{"line":124,"column":38}},{"start":{"line":124,"column":42},"end":{"line":124,"column":44}}],"line":124},"3":{"loc":{"start":{"line":130,"column":10},"end":{"line":130,"column":73}},"type":"cond-expr","locations":[{"start":{"line":130,"column":34},"end":{"line":130,"column":68}},{"start":{"line":130,"column":71},"end":{"line":130,"column":73}}],"line":130},"4":{"loc":{"start":{"line":138,"column":2},"end":{"line":138,"column":48}},"type":"if","locations":[{"start":{"line":138,"column":2},"end":{"line":138,"column":48}},{"start":{},"end":{}}],"line":138},"5":{"loc":{"start":{"line":139,"column":2},"end":{"line":139,"column":53}},"type":"if","locations":[{"start":{"line":139,"column":2},"end":{"line":139,"column":53}},{"start":{},"end":{}}],"line":139},"6":{"loc":{"start":{"line":140,"column":2},"end":{"line":140,"column":84}},"type":"if","locations":[{"start":{"line":140,"column":2},"end":{"line":140,"column":84}},{"start":{},"end":{}}],"line":140},"7":{"loc":{"start":{"line":140,"column":37},"end":{"line":140,"column":68}},"type":"binary-expr","locations":[{"start":{"line":140,"column":37},"end":{"line":140,"column":55}},{"start":{"line":140,"column":59},"end":{"line":140,"column":68}}],"line":140},"8":{"loc":{"start":{"line":143,"column":2},"end":{"line":143,"column":28}},"type":"if","locations":[{"start":{"line":143,"column":2},"end":{"line":143,"column":28}},{"start":{},"end":{}}],"line":143},"9":{"loc":{"start":{"line":147,"column":2},"end":{"line":147,"column":44}},"type":"if","locations":[{"start":{"line":147,"column":2},"end":{"line":147,"column":44}},{"start":{},"end":{}}],"line":147},"10":{"loc":{"start":{"line":160,"column":29},"end":{"line":160,"column":70}},"type":"cond-expr","locations":[{"start":{"line":160,"column":60},"end":{"line":160,"column":63}},{"start":{"line":160,"column":66},"end":{"line":160,"column":70}}],"line":160},"11":{"loc":{"start":{"line":167,"column":2},"end":{"line":177,"column":3}},"type":"if","locations":[{"start":{"line":167,"column":2},"end":{"line":177,"column":3}},{"start":{},"end":{}}],"line":167},"12":{"loc":{"start":{"line":170,"column":4},"end":{"line":172,"column":5}},"type":"if","locations":[{"start":{"line":170,"column":4},"end":{"line":172,"column":5}},{"start":{},"end":{}}],"line":170},"13":{"loc":{"start":{"line":170,"column":8},"end":{"line":170,"column":56}},"type":"binary-expr","locations":[{"start":{"line":170,"column":8},"end":{"line":170,"column":37}},{"start":{"line":170,"column":41},"end":{"line":170,"column":56}}],"line":170},"14":{"loc":{"start":{"line":174,"column":4},"end":{"line":176,"column":5}},"type":"if","locations":[{"start":{"line":174,"column":4},"end":{"line":176,"column":5}},{"start":{},"end":{}}],"line":174},"15":{"loc":{"start":{"line":174,"column":8},"end":{"line":174,"column":56}},"type":"binary-expr","locations":[{"start":{"line":174,"column":8},"end":{"line":174,"column":35}},{"start":{"line":174,"column":39},"end":{"line":174,"column":56}}],"line":174}},"s":{"0":5,"1":5,"2":5,"3":0,"4":5,"5":0,"6":5,"7":3,"8":3,"9":3,"10":3,"11":5,"12":2,"13":2,"14":2,"15":2,"16":5,"17":3,"18":0,"19":3,"20":0,"21":3,"22":0,"23":3,"24":3,"25":0,"26":3,"27":1,"28":2,"29":5,"30":0,"31":0,"32":0,"33":0,"34":5,"35":4,"36":4,"37":4,"38":1,"39":4,"40":1,"41":4,"42":5},"f":{"0":0,"1":0,"2":3,"3":2,"4":3,"5":0,"6":0,"7":4},"b":{"0":[3,0],"1":[0,3],"2":[2,0],"3":[0,2],"4":[0,3],"5":[0,3],"6":[0,3],"7":[3,0],"8":[0,3],"9":[1,2],"10":[0,0],"11":[4,0],"12":[1,3],"13":[4,2],"14":[1,3],"15":[4,2]},"_coverageSchema":"1a1c01bbd47fc00a2c39e90264f33305004495a9","hash":"a912434c9eec8b3dd9e35ac5a64289cd43033fad"}
}
