TN:
SF:controllers/jobController.js
FN:11,(anonymous_0)
FN:23,(anonymous_1)
FN:36,(anonymous_2)
FN:42,(anonymous_3)
FN:45,(anonymous_4)
FN:53,(anonymous_5)
FN:65,(anonymous_6)
FN:74,(anonymous_7)
FN:77,(anonymous_8)
FN:83,(anonymous_9)
FN:93,(anonymous_10)
FN:180,(anonymous_11)
FN:193,(anonymous_12)
FN:217,(anonymous_13)
FN:242,(anonymous_14)
FN:283,(anonymous_15)
FN:299,(anonymous_16)
FN:314,(anonymous_17)
FN:475,(anonymous_18)
FNF:19
FNH:12
FNDA:5,(anonymous_0)
FNDA:6,(anonymous_1)
FNDA:3,(anonymous_2)
FNDA:0,(anonymous_3)
FNDA:2,(anonymous_4)
FNDA:2,(anonymous_5)
FNDA:2,(anonymous_6)
FNDA:7,(anonymous_7)
FNDA:1,(anonymous_8)
FNDA:2,(anonymous_9)
FNDA:4,(anonymous_10)
FNDA:0,(anonymous_11)
FNDA:0,(anonymous_12)
FNDA:0,(anonymous_13)
FNDA:2,(anonymous_14)
FNDA:0,(anonymous_15)
FNDA:0,(anonymous_16)
FNDA:10,(anonymous_17)
FNDA:0,(anonymous_18)
DA:1,16
DA:2,16
DA:3,16
DA:4,16
DA:6,16
DA:11,16
DA:12,5
DA:13,5
DA:14,3
DA:17,2
DA:18,2
DA:20,2
DA:23,16
DA:24,6
DA:25,6
DA:27,3
DA:28,3
DA:30,3
DA:31,3
DA:32,3
DA:33,3
DA:36,16
DA:37,3
DA:38,3
DA:39,3
DA:42,16
DA:43,0
DA:45,16
DA:46,2
DA:47,2
DA:48,2
DA:49,2
DA:50,2
DA:53,16
DA:54,2
DA:55,2
DA:57,2
DA:65,16
DA:66,2
DA:74,16
DA:75,7
DA:77,16
DA:78,1
DA:79,1
DA:80,1
DA:83,16
DA:84,2
DA:93,16
DA:94,4
DA:109,4
DA:112,4
DA:113,4
DA:114,0
DA:117,4
DA:118,0
DA:121,4
DA:122,4
DA:123,1
DA:129,3
DA:130,0
DA:133,3
DA:134,3
DA:135,0
DA:138,3
DA:139,1
DA:143,2
DA:145,2
DA:146,0
DA:152,2
DA:169,2
DA:171,0
DA:172,0
DA:180,16
DA:181,0
DA:182,0
DA:186,0
DA:188,0
DA:189,0
DA:193,16
DA:194,0
DA:195,0
DA:196,0
DA:203,0
DA:209,0
DA:210,0
DA:217,16
DA:218,0
DA:219,0
DA:224,0
DA:225,0
DA:228,0
DA:229,0
DA:232,0
DA:234,0
DA:235,0
DA:242,16
DA:243,2
DA:244,2
DA:246,2
DA:247,0
DA:250,2
DA:251,1
DA:254,1
DA:255,1
DA:261,0
DA:262,0
DA:263,0
DA:265,0
DA:269,0
DA:275,0
DA:276,0
DA:283,16
DA:284,0
DA:285,0
DA:289,0
DA:291,0
DA:292,0
DA:299,16
DA:300,0
DA:301,0
DA:302,0
DA:306,0
DA:308,0
DA:309,0
DA:314,16
DA:315,10
DA:316,10
DA:317,10
DA:333,10
DA:335,10
DA:336,10
DA:337,0
DA:340,10
DA:342,10
DA:343,1
DA:346,9
DA:347,9
DA:348,4
DA:356,5
DA:357,3
DA:358,3
DA:359,1
DA:365,2
DA:369,2
DA:370,1
DA:376,1
DA:377,1
DA:378,1
DA:380,1
DA:384,1
DA:387,2
DA:388,2
DA:389,2
DA:391,2
DA:395,2
DA:399,0
DA:400,0
DA:401,0
DA:402,0
DA:406,0
DA:407,0
DA:409,0
DA:410,0
DA:413,0
DA:418,0
DA:421,0
DA:422,0
DA:423,0
DA:424,0
DA:431,0
DA:432,0
DA:438,0
DA:439,0
DA:446,0
DA:447,0
DA:448,0
DA:449,0
DA:450,0
DA:451,0
DA:452,0
DA:453,0
DA:454,0
DA:455,0
DA:456,0
DA:457,0
DA:458,0
DA:459,0
DA:461,0
DA:463,0
DA:467,0
DA:469,0
DA:470,0
DA:475,16
DA:476,0
DA:477,0
DA:479,0
DA:481,0
DA:482,0
DA:485,0
DA:486,0
DA:492,0
DA:493,0
DA:495,0
DA:497,0
DA:498,0
LF:205
LH:108
BRDA:12,0,0,0
BRDA:12,0,1,5
BRDA:13,1,0,3
BRDA:13,1,1,2
BRDA:13,2,0,5
BRDA:13,2,1,3
BRDA:18,3,0,0
BRDA:18,3,1,2
BRDA:24,4,0,0
BRDA:24,4,1,6
BRDA:25,5,0,3
BRDA:25,5,1,3
BRDA:25,6,0,6
BRDA:25,6,1,3
BRDA:28,7,0,0
BRDA:28,7,1,3
BRDA:39,8,0,3
BRDA:39,8,1,3
BRDA:39,8,2,3
BRDA:47,9,0,0
BRDA:47,9,1,2
BRDA:55,10,0,0
BRDA:55,10,1,2
BRDA:60,11,0,0
BRDA:60,11,1,2
BRDA:70,12,0,2
BRDA:70,12,1,0
BRDA:75,13,0,7
BRDA:75,13,1,7
BRDA:75,13,2,7
BRDA:113,14,0,0
BRDA:113,14,1,4
BRDA:117,15,0,0
BRDA:117,15,1,4
BRDA:122,16,0,1
BRDA:122,16,1,3
BRDA:129,17,0,0
BRDA:129,17,1,3
BRDA:134,18,0,0
BRDA:134,18,1,3
BRDA:138,19,0,1
BRDA:138,19,1,2
BRDA:145,20,0,0
BRDA:145,20,1,2
BRDA:224,21,0,0
BRDA:224,21,1,0
BRDA:228,22,0,0
BRDA:228,22,1,0
BRDA:228,23,0,0
BRDA:228,23,1,0
BRDA:246,24,0,0
BRDA:246,24,1,2
BRDA:250,25,0,1
BRDA:250,25,1,1
BRDA:250,26,0,2
BRDA:250,26,1,2
BRDA:254,27,0,1
BRDA:254,27,1,0
BRDA:336,28,0,0
BRDA:336,28,1,10
BRDA:340,29,0,10
BRDA:340,29,1,0
BRDA:342,30,0,1
BRDA:342,30,1,9
BRDA:347,31,0,4
BRDA:347,31,1,5
BRDA:347,32,0,9
BRDA:347,32,1,9
BRDA:350,33,0,2
BRDA:350,33,1,2
BRDA:356,34,0,3
BRDA:356,34,1,2
BRDA:358,35,0,1
BRDA:358,35,1,2
BRDA:369,36,0,1
BRDA:369,36,1,1
BRDA:399,37,0,0
BRDA:399,37,1,0
BRDA:401,38,0,0
BRDA:401,38,1,0
BRDA:406,39,0,0
BRDA:406,39,1,0
BRDA:407,40,0,0
BRDA:407,40,1,0
BRDA:409,41,0,0
BRDA:409,41,1,0
BRDA:409,42,0,0
BRDA:409,42,1,0
BRDA:413,43,0,0
BRDA:413,43,1,0
BRDA:414,44,0,0
BRDA:414,44,1,0
BRDA:414,44,2,0
BRDA:421,45,0,0
BRDA:421,45,1,0
BRDA:423,46,0,0
BRDA:423,46,1,0
BRDA:431,47,0,0
BRDA:431,47,1,0
BRDA:431,48,0,0
BRDA:431,48,1,0
BRDA:438,49,0,0
BRDA:438,49,1,0
BRDA:446,50,0,0
BRDA:446,50,1,0
BRDA:447,51,0,0
BRDA:447,51,1,0
BRDA:448,52,0,0
BRDA:448,52,1,0
BRDA:449,53,0,0
BRDA:449,53,1,0
BRDA:450,54,0,0
BRDA:450,54,1,0
BRDA:451,55,0,0
BRDA:451,55,1,0
BRDA:452,56,0,0
BRDA:452,56,1,0
BRDA:453,57,0,0
BRDA:453,57,1,0
BRDA:454,58,0,0
BRDA:454,58,1,0
BRDA:455,59,0,0
BRDA:455,59,1,0
BRDA:458,60,0,0
BRDA:458,60,1,0
BRDA:459,61,0,0
BRDA:459,61,1,0
BRDA:481,62,0,0
BRDA:481,62,1,0
BRDA:485,63,0,0
BRDA:485,63,1,0
BRF:131
BRH:53
end_of_record
TN:
SF:controllers/truckController.js
FN:12,(anonymous_0)
FN:34,(anonymous_1)
FN:98,(anonymous_2)
FN:154,(anonymous_3)
FNF:4
FNH:1
FNDA:0,(anonymous_0)
FNDA:0,(anonymous_1)
FNDA:3,(anonymous_2)
FNDA:0,(anonymous_3)
DA:1,2
DA:2,2
DA:3,2
DA:4,2
DA:5,2
DA:12,2
DA:13,0
DA:14,0
DA:18,0
DA:24,0
DA:25,0
DA:34,2
DA:35,0
DA:36,0
DA:37,0
DA:39,0
DA:40,0
DA:41,0
DA:47,0
DA:48,0
DA:49,0
DA:50,0
DA:51,0
DA:52,0
DA:53,0
DA:54,0
DA:56,0
DA:63,0
DA:73,0
DA:75,0
DA:81,0
DA:82,0
DA:88,0
DA:89,0
DA:98,2
DA:99,3
DA:101,3
DA:102,0
DA:105,3
DA:106,3
DA:108,3
DA:109,0
DA:112,3
DA:114,3
DA:115,2
DA:121,2
DA:122,1
DA:129,2
DA:130,2
DA:131,2
DA:132,2
DA:133,2
DA:134,2
DA:136,2
DA:138,2
DA:144,0
DA:145,0
DA:154,2
DA:155,0
DA:157,0
DA:158,0
DA:161,0
DA:162,0
DA:167,0
DA:168,0
DA:174,0
DA:176,0
DA:177,0
DA:180,0
DA:181,0
DA:183,0
DA:185,0
DA:186,0
LF:73
LH:27
BRDA:40,0,0,0
BRDA:40,0,1,0
BRDA:40,1,0,0
BRDA:40,1,1,0
BRDA:47,2,0,0
BRDA:47,2,1,0
BRDA:49,3,0,0
BRDA:49,3,1,0
BRDA:67,4,0,0
BRDA:67,4,1,0
BRDA:81,5,0,0
BRDA:81,5,1,0
BRDA:101,6,0,0
BRDA:101,6,1,3
BRDA:108,7,0,0
BRDA:108,7,1,3
BRDA:114,8,0,2
BRDA:114,8,1,1
BRDA:121,9,0,1
BRDA:121,9,1,1
BRDA:129,10,0,0
BRDA:129,10,1,2
BRDA:130,11,0,0
BRDA:130,11,1,2
BRDA:131,12,0,2
BRDA:131,12,1,0
BRDA:132,13,0,0
BRDA:132,13,1,2
BRDA:133,14,0,0
BRDA:133,14,1,2
BRDA:134,15,0,0
BRDA:134,15,1,2
BRDA:157,16,0,0
BRDA:157,16,1,0
BRDA:167,17,0,0
BRDA:167,17,1,0
BRDA:167,18,0,0
BRDA:167,18,1,0
BRDA:176,19,0,0
BRDA:176,19,1,0
BRF:40
BRH:12
end_of_record
TN:
SF:controllers/workLogController.js
FN:6,(anonymous_0)
FN:18,(anonymous_1)
FN:23,(anonymous_2)
FN:34,(anonymous_3)
FN:35,(anonymous_4)
FN:47,(anonymous_5)
FN:56,(anonymous_6)
FN:120,(anonymous_7)
FN:172,(anonymous_8)
FN:203,(anonymous_9)
FN:230,(anonymous_10)
FN:255,(anonymous_11)
FN:343,(anonymous_12)
FN:381,(anonymous_13)
FN:408,(anonymous_14)
FN:442,(anonymous_15)
FN:467,(anonymous_16)
FNF:17
FNH:8
FNDA:5,(anonymous_0)
FNDA:11,(anonymous_1)
FNDA:11,(anonymous_2)
FNDA:5,(anonymous_3)
FNDA:5,(anonymous_4)
FNDA:5,(anonymous_5)
FNDA:5,(anonymous_6)
FNDA:5,(anonymous_7)
FNDA:0,(anonymous_8)
FNDA:0,(anonymous_9)
FNDA:0,(anonymous_10)
FNDA:0,(anonymous_11)
FNDA:0,(anonymous_12)
FNDA:0,(anonymous_13)
FNDA:0,(anonymous_14)
FNDA:0,(anonymous_15)
FNDA:0,(anonymous_16)
DA:1,5
DA:2,5
DA:3,5
DA:4,5
DA:6,5
DA:7,5
DA:8,5
DA:9,5
DA:12,0
DA:13,0
DA:15,0
DA:18,5
DA:19,11
DA:20,10
DA:23,5
DA:24,11
DA:25,11
DA:26,1
DA:28,10
DA:29,0
DA:31,10
DA:34,5
DA:35,5
DA:36,5
DA:37,5
DA:38,5
DA:41,5
DA:42,0
DA:43,0
DA:44,0
DA:47,5
DA:48,5
DA:49,5
DA:56,5
DA:57,5
DA:58,5
DA:59,5
DA:60,0
DA:63,5
DA:64,5
DA:66,5
DA:67,2
DA:68,1
DA:70,1
DA:71,1
DA:73,1
DA:88,3
DA:89,3
DA:91,2
DA:92,2
DA:94,2
DA:95,2
DA:96,2
DA:97,1
DA:100,1
DA:120,5
DA:121,5
DA:122,5
DA:123,5
DA:125,5
DA:126,0
DA:132,5
DA:133,5
DA:134,5
DA:135,0
DA:138,5
DA:139,5
DA:140,3
DA:143,2
DA:152,2
DA:154,2
DA:160,0
DA:161,0
DA:172,5
DA:173,0
DA:174,0
DA:176,0
DA:177,0
DA:180,0
DA:181,0
DA:184,0
DA:185,0
DA:187,0
DA:192,0
DA:193,0
DA:203,5
DA:204,0
DA:206,0
DA:207,0
DA:210,0
DA:211,0
DA:213,0
DA:218,0
DA:219,0
DA:230,5
DA:231,0
DA:232,0
DA:233,0
DA:235,0
DA:236,0
DA:239,0
DA:254,0
DA:255,0
DA:256,0
DA:257,0
DA:261,0
DA:262,0
DA:265,0
DA:266,0
DA:267,0
DA:268,0
DA:271,0
DA:272,0
DA:275,0
DA:276,0
DA:282,0
DA:283,0
DA:284,0
DA:285,0
DA:287,0
DA:288,0
DA:291,0
DA:292,0
DA:303,0
DA:308,0
DA:309,0
DA:311,0
DA:312,0
DA:315,0
DA:317,0
DA:318,0
DA:319,0
DA:320,0
DA:321,0
DA:324,0
DA:326,0
DA:332,0
DA:333,0
DA:343,5
DA:344,0
DA:345,0
DA:346,0
DA:348,0
DA:349,0
DA:352,0
DA:353,0
DA:354,0
DA:355,0
DA:358,0
DA:359,0
DA:362,0
DA:363,0
DA:369,0
DA:371,0
DA:376,0
DA:377,0
DA:381,5
DA:382,0
DA:384,0
DA:385,0
DA:388,0
DA:389,0
DA:390,0
DA:392,0
DA:393,0
DA:394,0
DA:395,0
DA:396,0
DA:397,0
DA:399,0
DA:401,0
DA:403,0
DA:404,0
DA:408,5
DA:409,0
DA:410,0
DA:412,0
DA:413,0
DA:416,0
DA:417,0
DA:418,0
DA:420,0
DA:421,0
DA:422,0
DA:423,0
DA:424,0
DA:425,0
DA:427,0
DA:429,0
DA:431,0
DA:432,0
DA:442,5
DA:443,0
DA:445,0
DA:446,0
DA:447,0
DA:448,0
DA:449,0
DA:451,0
DA:455,0
DA:460,0
DA:462,0
DA:463,0
DA:467,5
DA:468,0
DA:469,0
DA:474,0
DA:476,0
DA:477,0
LF:209
LH:69
BRDA:7,0,0,0
BRDA:7,0,1,5
BRDA:8,1,0,5
BRDA:8,1,1,0
BRDA:8,2,0,5
BRDA:8,2,1,5
BRDA:13,3,0,0
BRDA:13,3,1,0
BRDA:19,4,0,1
BRDA:19,4,1,10
BRDA:19,5,0,11
BRDA:19,5,1,11
BRDA:19,5,2,10
BRDA:23,6,0,0
BRDA:25,7,0,1
BRDA:25,7,1,10
BRDA:26,8,0,1
BRDA:26,8,1,0
BRDA:28,9,0,0
BRDA:28,9,1,10
BRDA:28,10,0,10
BRDA:28,10,1,10
BRDA:36,11,0,0
BRDA:36,11,1,5
BRDA:37,12,0,0
BRDA:37,12,1,5
BRDA:37,13,0,0
BRDA:37,13,1,0
BRDA:37,13,2,0
BRDA:41,14,0,5
BRDA:41,14,1,0
BRDA:42,15,0,0
BRDA:42,15,1,0
BRDA:42,16,0,0
BRDA:42,16,1,0
BRDA:43,17,0,0
BRDA:43,17,1,0
BRDA:48,18,0,0
BRDA:48,18,1,5
BRDA:48,19,0,5
BRDA:48,19,1,5
BRDA:59,20,0,0
BRDA:59,20,1,5
BRDA:64,21,0,0
BRDA:64,21,1,5
BRDA:66,22,0,2
BRDA:66,22,1,3
BRDA:67,23,0,1
BRDA:67,23,1,1
BRDA:68,24,0,0
BRDA:68,24,1,1
BRDA:71,25,0,0
BRDA:71,25,1,1
BRDA:89,26,0,1
BRDA:89,26,1,2
BRDA:92,27,0,0
BRDA:92,27,1,2
BRDA:96,28,0,1
BRDA:96,28,1,1
BRDA:122,29,0,5
BRDA:122,29,1,0
BRDA:123,30,0,5
BRDA:123,30,1,5
BRDA:125,31,0,0
BRDA:125,31,1,5
BRDA:125,32,0,5
BRDA:125,32,1,5
BRDA:125,32,2,5
BRDA:134,33,0,0
BRDA:134,33,1,5
BRDA:139,34,0,3
BRDA:139,34,1,2
BRDA:161,35,0,0
BRDA:161,35,1,0
BRDA:163,36,0,0
BRDA:163,36,1,0
BRDA:174,37,0,0
BRDA:174,37,1,0
BRDA:176,38,0,0
BRDA:176,38,1,0
BRDA:180,39,0,0
BRDA:180,39,1,0
BRDA:204,40,0,0
BRDA:204,40,1,0
BRDA:206,41,0,0
BRDA:206,41,1,0
BRDA:232,42,0,0
BRDA:232,42,1,0
BRDA:235,43,0,0
BRDA:235,43,1,0
BRDA:256,44,0,0
BRDA:256,44,1,0
BRDA:261,45,0,0
BRDA:261,45,1,0
BRDA:261,46,0,0
BRDA:261,46,1,0
BRDA:267,47,0,0
BRDA:267,47,1,0
BRDA:271,48,0,0
BRDA:271,48,1,0
BRDA:271,49,0,0
BRDA:271,49,1,0
BRDA:275,50,0,0
BRDA:275,50,1,0
BRDA:275,51,0,0
BRDA:275,51,1,0
BRDA:282,52,0,0
BRDA:282,52,1,0
BRDA:282,53,0,0
BRDA:282,53,1,0
BRDA:283,54,0,0
BRDA:283,54,1,0
BRDA:284,55,0,0
BRDA:284,55,1,0
BRDA:291,56,0,0
BRDA:291,56,1,0
BRDA:291,57,0,0
BRDA:291,57,1,0
BRDA:291,57,2,0
BRDA:308,58,0,0
BRDA:308,58,1,0
BRDA:317,59,0,0
BRDA:317,59,1,0
BRDA:317,60,0,0
BRDA:317,60,1,0
BRDA:333,61,0,0
BRDA:333,61,1,0
BRDA:335,62,0,0
BRDA:335,62,1,0
BRDA:345,63,0,0
BRDA:345,63,1,0
BRDA:348,64,0,0
BRDA:348,64,1,0
BRDA:354,65,0,0
BRDA:354,65,1,0
BRDA:358,66,0,0
BRDA:358,66,1,0
BRDA:358,67,0,0
BRDA:358,67,1,0
BRDA:362,68,0,0
BRDA:362,68,1,0
BRDA:362,69,0,0
BRDA:362,69,1,0
BRDA:384,70,0,0
BRDA:384,70,1,0
BRDA:390,71,0,0
BRDA:390,71,1,0
BRDA:412,72,0,0
BRDA:412,72,1,0
BRDA:418,73,0,0
BRDA:418,73,1,0
BRDA:447,74,0,0
BRDA:447,74,1,0
BRDA:448,75,0,0
BRDA:448,75,1,0
BRF:155
BRH:44
end_of_record
TN:
SF:models/job.js
FN:99,(anonymous_0)
FN:103,(anonymous_1)
FN:107,(anonymous_2)
FN:122,(anonymous_3)
FN:137,(anonymous_4)
FN:152,(anonymous_5)
FN:160,(anonymous_6)
FN:166,(anonymous_7)
FNF:8
FNH:4
FNDA:0,(anonymous_0)
FNDA:0,(anonymous_1)
FNDA:3,(anonymous_2)
FNDA:2,(anonymous_3)
FNDA:3,(anonymous_4)
FNDA:0,(anonymous_5)
FNDA:0,(anonymous_6)
FNDA:4,(anonymous_7)
DA:1,5
DA:3,5
DA:99,5
DA:100,0
DA:103,5
DA:104,0
DA:107,5
DA:108,3
DA:109,3
DA:111,3
DA:119,3
DA:122,5
DA:123,2
DA:124,2
DA:126,2
DA:134,2
DA:137,5
DA:138,3
DA:139,3
DA:140,3
DA:142,3
DA:143,3
DA:147,3
DA:149,2
DA:152,5
DA:153,0
DA:159,0
DA:160,0
DA:163,0
DA:166,5
DA:167,4
DA:168,4
DA:170,4
DA:171,1
DA:174,4
DA:175,1
DA:179,4
DA:182,5
LF:38
LH:32
BRDA:109,0,0,3
BRDA:109,0,1,0
BRDA:115,1,0,0
BRDA:115,1,1,3
BRDA:124,2,0,2
BRDA:124,2,1,0
BRDA:130,3,0,0
BRDA:130,3,1,2
BRDA:138,4,0,0
BRDA:138,4,1,3
BRDA:139,5,0,0
BRDA:139,5,1,3
BRDA:140,6,0,0
BRDA:140,6,1,3
BRDA:140,7,0,3
BRDA:140,7,1,0
BRDA:143,8,0,0
BRDA:143,8,1,3
BRDA:147,9,0,1
BRDA:147,9,1,2
BRDA:160,10,0,0
BRDA:160,10,1,0
BRDA:167,11,0,4
BRDA:167,11,1,0
BRDA:170,12,0,1
BRDA:170,12,1,3
BRDA:170,13,0,4
BRDA:170,13,1,2
BRDA:174,14,0,1
BRDA:174,14,1,3
BRDA:174,15,0,4
BRDA:174,15,1,2
BRF:32
BRH:20
end_of_record
